This is pdfTeX, Version 3.1415926-2.4-1.40.13 (MiKTeX 2.9 64-bit) (preloaded format=pdflatex 2017.9.25)  12 NOV 2018 13:03
entering extended mode
**skripsi.tex
("D:\Vanessa\Data\SMT 8\SKRIPSICOY\Template Skripsi FTIS-versibaru\skripsi.tex"
LaTeX2e <2011/06/27>
Babel <v3.8m> and hyphenation patterns for english, afrikaans, ancientgreek, ar
abic, armenian, assamese, basque, bengali, bokmal, bulgarian, catalan, coptic, 
croatian, czech, danish, dutch, esperanto, estonian, farsi, finnish, french, ga
lician, german, german-x-2012-05-30, greek, gujarati, hindi, hungarian, iceland
ic, indonesian, interlingua, irish, italian, kannada, kurmanji, latin, latvian,
 lithuanian, malayalam, marathi, mongolian, mongolianlmc, monogreek, ngerman, n
german-x-2012-05-30, nynorsk, oriya, panjabi, pinyin, polish, portuguese, roman
ian, russian, sanskrit, serbian, slovak, slovenian, spanish, swedish, swissgerm
an, tamil, telugu, turkish, turkmen, ukenglish, ukrainian, uppersorbian, usengl
ishmax, welsh, loaded.
("C:\Program Files\MiKTeX 2.9\tex\latex\base\report.cls"
Document Class: report 2007/10/19 v1.4h Standard LaTeX document class
("C:\Program Files\MiKTeX 2.9\tex\latex\base\size11.clo"
File: size11.clo 2007/10/19 v1.4h Standard LaTeX file (size option)
)
\c@part=\count79
\c@chapter=\count80
\c@section=\count81
\c@subsection=\count82
\c@subsubsection=\count83
\c@paragraph=\count84
\c@subparagraph=\count85
\c@figure=\count86
\c@table=\count87
\abovecaptionskip=\skip41
\belowcaptionskip=\skip42
\bibindent=\dimen102
)
("C:\Program Files\MiKTeX 2.9\tex\generic\babel\babel.sty"
Package: babel 2008/07/08 v3.8m The Babel package

*************************************
* Local config file bblopts.cfg used
*
("C:\Program Files\MiKTeX 2.9\tex\latex\00miktex\bblopts.cfg"
File: bblopts.cfg 2006/07/31 v1.0 MiKTeX 'babel' configuration
)
("C:\Program Files\MiKTeX 2.9\tex\generic\babel\bahasai.ldf"
Language: bahasa 2008/03/15 v1.0l Bahasa Indonesia support from the babel syste
m

("C:\Program Files\MiKTeX 2.9\tex\generic\babel\babel.def"
File: babel.def 2008/07/08 v3.8m Babel common definitions
\babel@savecnt=\count88
\U@D=\dimen103
)))
("C:\Program Files\MiKTeX 2.9\tex\latex\lm\lmodern.sty"
Package: lmodern 2009/10/30 v1.6 Latin Modern Fonts
LaTeX Font Info:    Overwriting symbol font `operators' in version `normal'
(Font)                  OT1/cmr/m/n --> OT1/lmr/m/n on input line 22.
LaTeX Font Info:    Overwriting symbol font `letters' in version `normal'
(Font)                  OML/cmm/m/it --> OML/lmm/m/it on input line 23.
LaTeX Font Info:    Overwriting symbol font `symbols' in version `normal'
(Font)                  OMS/cmsy/m/n --> OMS/lmsy/m/n on input line 24.
LaTeX Font Info:    Overwriting symbol font `largesymbols' in version `normal'
(Font)                  OMX/cmex/m/n --> OMX/lmex/m/n on input line 25.
LaTeX Font Info:    Overwriting symbol font `operators' in version `bold'
(Font)                  OT1/cmr/bx/n --> OT1/lmr/bx/n on input line 26.
LaTeX Font Info:    Overwriting symbol font `letters' in version `bold'
(Font)                  OML/cmm/b/it --> OML/lmm/b/it on input line 27.
LaTeX Font Info:    Overwriting symbol font `symbols' in version `bold'
(Font)                  OMS/cmsy/b/n --> OMS/lmsy/b/n on input line 28.
LaTeX Font Info:    Overwriting symbol font `largesymbols' in version `bold'
(Font)                  OMX/cmex/m/n --> OMX/lmex/m/n on input line 29.
LaTeX Font Info:    Overwriting math alphabet `\mathbf' in version `normal'
(Font)                  OT1/cmr/bx/n --> OT1/lmr/bx/n on input line 31.
LaTeX Font Info:    Overwriting math alphabet `\mathsf' in version `normal'
(Font)                  OT1/cmss/m/n --> OT1/lmss/m/n on input line 32.
LaTeX Font Info:    Overwriting math alphabet `\mathit' in version `normal'
(Font)                  OT1/cmr/m/it --> OT1/lmr/m/it on input line 33.
LaTeX Font Info:    Overwriting math alphabet `\mathtt' in version `normal'
(Font)                  OT1/cmtt/m/n --> OT1/lmtt/m/n on input line 34.
LaTeX Font Info:    Overwriting math alphabet `\mathbf' in version `bold'
(Font)                  OT1/cmr/bx/n --> OT1/lmr/bx/n on input line 35.
LaTeX Font Info:    Overwriting math alphabet `\mathsf' in version `bold'
(Font)                  OT1/cmss/bx/n --> OT1/lmss/bx/n on input line 36.
LaTeX Font Info:    Overwriting math alphabet `\mathit' in version `bold'
(Font)                  OT1/cmr/bx/it --> OT1/lmr/bx/it on input line 37.
LaTeX Font Info:    Overwriting math alphabet `\mathtt' in version `bold'
(Font)                  OT1/cmtt/m/n --> OT1/lmtt/m/n on input line 38.
)
("C:\Program Files\MiKTeX 2.9\tex\latex\base\fontenc.sty"
Package: fontenc 2005/09/27 v1.99g Standard LaTeX package

("C:\Program Files\MiKTeX 2.9\tex\latex\base\t1enc.def"
File: t1enc.def 2005/09/27 v1.99g Standard LaTeX file
LaTeX Font Info:    Redeclaring font encoding T1 on input line 43.
))
("C:\Program Files\MiKTeX 2.9\tex\latex\geometry\geometry.sty"
Package: geometry 2010/09/12 v5.6 Page Geometry

("C:\Program Files\MiKTeX 2.9\tex\latex\graphics\keyval.sty"
Package: keyval 1999/03/16 v1.13 key=value parser (DPC)
\KV@toks@=\toks14
)
("C:\Program Files\MiKTeX 2.9\tex\generic\oberdiek\ifpdf.sty"
Package: ifpdf 2011/01/30 v2.3 Provides the ifpdf switch (HO)
Package ifpdf Info: pdfTeX in PDF mode is detected.
)
("C:\Program Files\MiKTeX 2.9\tex\generic\oberdiek\ifvtex.sty"
Package: ifvtex 2010/03/01 v1.5 Detect VTeX and its facilities (HO)
Package ifvtex Info: VTeX not detected.
)
("C:\Program Files\MiKTeX 2.9\tex\generic\ifxetex\ifxetex.sty"
Package: ifxetex 2010/09/12 v0.6 Provides ifxetex conditional
)
\Gm@cnth=\count89
\Gm@cntv=\count90
\c@Gm@tempcnt=\count91
\Gm@bindingoffset=\dimen104
\Gm@wd@mp=\dimen105
\Gm@odd@mp=\dimen106
\Gm@even@mp=\dimen107
\Gm@layoutwidth=\dimen108
\Gm@layoutheight=\dimen109
\Gm@layouthoffset=\dimen110
\Gm@layoutvoffset=\dimen111
\Gm@dimlist=\toks15

("C:\Program Files\MiKTeX 2.9\tex\latex\geometry\geometry.cfg"))
("C:\Program Files\MiKTeX 2.9\tex\latex\microtype\microtype.sty"
Package: microtype 2017/07/07 v2.7 Micro-typographical refinements (RS)
\MT@toks=\toks16
\MT@count=\count92
LaTeX Info: Redefining \textls on input line 789.
\MT@outer@kern=\dimen112
LaTeX Info: Redefining \textmicrotypecontext on input line 1334.
\MT@listname@count=\count93

("C:\Program Files\MiKTeX 2.9\tex\latex\microtype\microtype-pdftex.def"
File: microtype-pdftex.def 2017/07/07 v2.7 Definitions specific to pdftex (RS)
LaTeX Info: Redefining \lsstyle on input line 912.
LaTeX Info: Redefining \lslig on input line 912.
\MT@outer@space=\skip43
)
Package microtype Info: Loading configuration file microtype.cfg.

("C:\Program Files\MiKTeX 2.9\tex\latex\microtype\microtype.cfg"
File: microtype.cfg 2017/07/07 v2.7 microtype main configuration file (RS)
))
("C:\Program Files\MiKTeX 2.9\tex\latex\lipsum\lipsum.sty"
Package: lipsum 2014/07/27 v1.3 150 paragraphs of Lorem Ipsum dummy text
\c@lips@count=\count94
)
("C:\Program Files\MiKTeX 2.9\tex\latex\abstract\abstract.sty"
Package: abstract 2009/06/08 v1.2a configurable abstracts
\abstitleskip=\skip44
\absleftindent=\skip45
\absrightindent=\skip46
\absparindent=\skip47
\absparsep=\skip48
)
("C:\Program Files\MiKTeX 2.9\tex\latex\tocloft\tocloft.sty"
Package: tocloft 2017/08/31 v2.3i parameterised ToC, etc., typesetting
Package tocloft Info: The document has chapter divisions on input line 51.
\cftparskip=\skip49
\cftbeforetoctitleskip=\skip50
\cftaftertoctitleskip=\skip51
\cftbeforepartskip=\skip52
\cftpartnumwidth=\skip53
\cftpartindent=\skip54
\cftbeforechapskip=\skip55
\cftchapindent=\skip56
\cftchapnumwidth=\skip57
\cftbeforesecskip=\skip58
\cftsecindent=\skip59
\cftsecnumwidth=\skip60
\cftbeforesubsecskip=\skip61
\cftsubsecindent=\skip62
\cftsubsecnumwidth=\skip63
\cftbeforesubsubsecskip=\skip64
\cftsubsubsecindent=\skip65
\cftsubsubsecnumwidth=\skip66
\cftbeforeparaskip=\skip67
\cftparaindent=\skip68
\cftparanumwidth=\skip69
\cftbeforesubparaskip=\skip70
\cftsubparaindent=\skip71
\cftsubparanumwidth=\skip72
\cftbeforeloftitleskip=\skip73
\cftafterloftitleskip=\skip74
\cftbeforefigskip=\skip75
\cftfigindent=\skip76
\cftfignumwidth=\skip77
\c@lofdepth=\count95
\c@lotdepth=\count96
\cftbeforelottitleskip=\skip78
\cftafterlottitleskip=\skip79
\cftbeforetabskip=\skip80
\cfttabindent=\skip81
\cfttabnumwidth=\skip82
)
("C:\Program Files\MiKTeX 2.9\tex\latex\tocbibind\tocbibind.sty"
Package: tocbibind 2010/10/13 v1.5k extra ToC listings
Package tocbibind Info: The document has chapter divisions on input line 50.


Package tocbibind Note: Using chapter style headings, unless overridden.

) ("C:\Program Files\MiKTeX 2.9\tex\latex\fancyhdr\fancyhdr.sty"
Package: fancyhdr 2017/06/30 v3.9a Extensive control of page headers and footer
s
\f@nch@headwidth=\skip83
\f@nch@O@elh=\skip84
\f@nch@O@erh=\skip85
\f@nch@O@olh=\skip86
\f@nch@O@orh=\skip87
\f@nch@O@elf=\skip88
\f@nch@O@erf=\skip89
\f@nch@O@olf=\skip90
\f@nch@O@orf=\skip91
)
("C:\Program Files\MiKTeX 2.9\tex\latex\titlesec\titlesec.sty"
Package: titlesec 2016/03/21 v2.10.2 Sectioning titles
\ttl@box=\box26
\beforetitleunit=\skip92
\aftertitleunit=\skip93
\ttl@plus=\dimen113
\ttl@minus=\dimen114
\ttl@toksa=\toks17
\titlewidth=\dimen115
\titlewidthlast=\dimen116
\titlewidthfirst=\dimen117
)
("C:\Program Files\MiKTeX 2.9\tex\latex\float\float.sty"
Package: float 2001/11/08 v1.3d Float enhancements (AL)
\c@float@type=\count97
\float@exts=\toks18
\float@box=\box27
\@float@everytoks=\toks19
\@floatcapt=\box28
)
("C:\Program Files\MiKTeX 2.9\tex\latex\hyperref\hyperref.sty"
Package: hyperref 2012/11/06 v6.83m Hypertext links for LaTeX

("C:\Program Files\MiKTeX 2.9\tex\generic\oberdiek\hobsub-hyperref.sty"
Package: hobsub-hyperref 2012/04/25 v1.12 Bundle oberdiek, subset hyperref (HO)


("C:\Program Files\MiKTeX 2.9\tex\generic\oberdiek\hobsub-generic.sty"
Package: hobsub-generic 2012/04/25 v1.12 Bundle oberdiek, subset generic (HO)
Package: hobsub 2012/04/25 v1.12 Construct package bundles (HO)
Package: infwarerr 2010/04/08 v1.3 Providing info/warning/error messages (HO)
Package: ltxcmds 2011/11/09 v1.22 LaTeX kernel commands for general use (HO)
Package: ifluatex 2010/03/01 v1.3 Provides the ifluatex switch (HO)
Package ifluatex Info: LuaTeX not detected.
Package hobsub Info: Skipping package `ifvtex' (already loaded).
Package: intcalc 2007/09/27 v1.1 Expandable calculations with integers (HO)
Package hobsub Info: Skipping package `ifpdf' (already loaded).
Package: etexcmds 2011/02/16 v1.5 Avoid name clashes with e-TeX commands (HO)
Package etexcmds Info: Could not find \expanded.
(etexcmds)             That can mean that you are not using pdfTeX 1.50 or
(etexcmds)             that some package has redefined \expanded.
(etexcmds)             In the latter case, load this package earlier.
Package: kvsetkeys 2012/04/25 v1.16 Key value parser (HO)
Package: kvdefinekeys 2011/04/07 v1.3 Define keys (HO)
Package: pdftexcmds 2011/11/29 v0.20 Utility functions of pdfTeX for LuaTeX (HO
)
Package pdftexcmds Info: LuaTeX not detected.
Package pdftexcmds Info: \pdf@primitive is available.
Package pdftexcmds Info: \pdf@ifprimitive is available.
Package pdftexcmds Info: \pdfdraftmode found.
Package: pdfescape 2011/11/25 v1.13 Implements pdfTeX's escape features (HO)
Package: bigintcalc 2012/04/08 v1.3 Expandable calculations on big integers (HO
)
Package: bitset 2011/01/30 v1.1 Handle bit-vector datatype (HO)
Package: uniquecounter 2011/01/30 v1.2 Provide unlimited unique counter (HO)
)
Package hobsub Info: Skipping package `hobsub' (already loaded).
Package: letltxmacro 2010/09/02 v1.4 Let assignment for LaTeX macros (HO)
Package: hopatch 2011/06/24 v1.1 Wrapper for package hooks (HO)
Package: xcolor-patch 2011/01/30 xcolor patch
Package: atveryend 2011/06/30 v1.8 Hooks at the very end of document (HO)
Package atveryend Info: \enddocument detected (standard20110627).
Package: atbegshi 2011/10/05 v1.16 At begin shipout hook (HO)
Package: refcount 2011/10/16 v3.4 Data extraction from label references (HO)
Package: hycolor 2011/01/30 v1.7 Color options for hyperref/bookmark (HO)
)
("C:\Program Files\MiKTeX 2.9\tex\latex\oberdiek\auxhook.sty"
Package: auxhook 2011/03/04 v1.3 Hooks for auxiliary files (HO)
)
("C:\Program Files\MiKTeX 2.9\tex\latex\oberdiek\kvoptions.sty"
Package: kvoptions 2011/06/30 v3.11 Key value format for package options (HO)
)
\@linkdim=\dimen118
\Hy@linkcounter=\count98
\Hy@pagecounter=\count99

("C:\Program Files\MiKTeX 2.9\tex\latex\hyperref\pd1enc.def"
File: pd1enc.def 2012/11/06 v6.83m Hyperref: PDFDocEncoding definition (HO)
)
\Hy@SavedSpaceFactor=\count100

("C:\Program Files\MiKTeX 2.9\tex\latex\00miktex\hyperref.cfg"
File: hyperref.cfg 2002/06/06 v1.2 hyperref configuration of TeXLive
)
Package hyperref Info: Option `plainpages' set `false' on input line 4319.
Package hyperref Info: Option `pdfpagelabels' set `true' on input line 4319.
Package hyperref Info: Option `unicode' set `true' on input line 4319.

("C:\Program Files\MiKTeX 2.9\tex\latex\hyperref\puenc.def"
File: puenc.def 2012/11/06 v6.83m Hyperref: PDF Unicode definition (HO)
)
Package hyperref Info: Hyper figures OFF on input line 4443.
Package hyperref Info: Link nesting OFF on input line 4448.
Package hyperref Info: Hyper index ON on input line 4451.
Package hyperref Info: Plain pages OFF on input line 4458.
Package hyperref Info: Backreferencing OFF on input line 4463.
Package hyperref Info: Implicit mode ON; LaTeX internals redefined.
Package hyperref Info: Bookmarks ON on input line 4688.
\c@Hy@tempcnt=\count101

("C:\Program Files\MiKTeX 2.9\tex\latex\ltxmisc\url.sty"
\Urlmuskip=\muskip10
Package: url 2006/04/12  ver 3.3  Verb mode for urls, etc.
)
LaTeX Info: Redefining \url on input line 5041.
\XeTeXLinkMargin=\dimen119
\Fld@menulength=\count102
\Field@Width=\dimen120
\Fld@charsize=\dimen121
Package hyperref Info: Hyper figures OFF on input line 6295.
Package hyperref Info: Link nesting OFF on input line 6300.
Package hyperref Info: Hyper index ON on input line 6303.
Package hyperref Info: backreferencing OFF on input line 6310.
Package hyperref Info: Link coloring OFF on input line 6315.
Package hyperref Info: Link coloring with OCG OFF on input line 6320.
Package hyperref Info: PDF/A mode OFF on input line 6325.
LaTeX Info: Redefining \ref on input line 6365.
LaTeX Info: Redefining \pageref on input line 6369.
\Hy@abspage=\count103
\c@Item=\count104
\c@Hfootnote=\count105
)

Package hyperref Message: Driver (autodetected): hpdftex.

("C:\Program Files\MiKTeX 2.9\tex\latex\hyperref\hpdftex.def"
File: hpdftex.def 2012/11/06 v6.83m Hyperref driver for pdfTeX
\Fld@listcount=\count106
\c@bookmark@seq@number=\count107

("C:\Program Files\MiKTeX 2.9\tex\latex\oberdiek\rerunfilecheck.sty"
Package: rerunfilecheck 2011/04/15 v1.7 Rerun checks for auxiliary files (HO)
Package uniquecounter Info: New unique counter `rerunfilecheck' on input line 2
82.
)
\Hy@SectionHShift=\skip94
)
("C:\Program Files\MiKTeX 2.9\tex\latex\setspace\setspace.sty"
Package: setspace 2011/12/19 v6.7a set line spacing
)
("C:\Program Files\MiKTeX 2.9\tex\latex\lineno\lineno.sty"
Package: lineno 2005/11/02 line numbers on paragraphs v4.41
\linenopenalty=\count108
\output=\toks20
\linenoprevgraf=\count109
\linenumbersep=\dimen122
\linenumberwidth=\dimen123
\c@linenumber=\count110
\c@pagewiselinenumber=\count111
\c@LN@truepage=\count112
\c@internallinenumber=\count113
\c@internallinenumbers=\count114
\quotelinenumbersep=\dimen124
\bframerule=\dimen125
\bframesep=\dimen126
\bframebox=\box29
LaTeX Info: Redefining \\ on input line 3056.
)
("C:\Program Files\MiKTeX 2.9\tex\latex\emptypage\emptypage.sty"
Package: emptypage 2010/05/30 v1.2 Suppress page numbers and headings on empty 
pages
)
("C:\Program Files\MiKTeX 2.9\tex\latex\graphics\graphicx.sty"
Package: graphicx 1999/02/16 v1.0f Enhanced LaTeX Graphics (DPC,SPQR)

("C:\Program Files\MiKTeX 2.9\tex\latex\graphics\graphics.sty"
Package: graphics 2009/02/05 v1.0o Standard LaTeX Graphics (DPC,SPQR)

("C:\Program Files\MiKTeX 2.9\tex\latex\graphics\trig.sty"
Package: trig 1999/03/16 v1.09 sin cos tan (DPC)
)
("C:\Program Files\MiKTeX 2.9\tex\latex\00miktex\graphics.cfg"
File: graphics.cfg 2007/01/18 v1.5 graphics configuration of teTeX/TeXLive
)
Package graphics Info: Driver file: pdftex.def on input line 91.

("C:\Program Files\MiKTeX 2.9\tex\latex\pdftex-def\pdftex.def"
File: pdftex.def 2011/05/27 v0.06d Graphics/color for pdfTeX
\Gread@gobject=\count115
))
\Gin@req@height=\dimen127
\Gin@req@width=\dimen128
)
("C:\Program Files\MiKTeX 2.9\tex\latex\listings\listings.sty"
\lst@mode=\count116
\lst@gtempboxa=\box30
\lst@token=\toks21
\lst@length=\count117
\lst@currlwidth=\dimen129
\lst@column=\count118
\lst@pos=\count119
\lst@lostspace=\dimen130
\lst@width=\dimen131
\lst@newlines=\count120
\lst@lineno=\count121
\lst@maxwidth=\dimen132

("C:\Program Files\MiKTeX 2.9\tex\latex\listings\lstmisc.sty"
File: lstmisc.sty 2015/06/04 1.6 (Carsten Heinz)
\c@lstnumber=\count122
\lst@skipnumbers=\count123
\lst@framebox=\box31
)
("C:\Program Files\MiKTeX 2.9\tex\latex\listings\listings.cfg"
File: listings.cfg 2015/06/04 1.6 listings configuration
))
Package: listings 2015/06/04 1.6 (Carsten Heinz)

("C:\Program Files\MiKTeX 2.9\tex\latex\etoolbox\etoolbox.sty"
Package: etoolbox 2017/11/22 v2.5 e-TeX tools for LaTeX (JAW)

("C:\Program Files\MiKTeX 2.9\tex\latex\misc\etex.sty"
Package: etex 1998/03/26 v2.0 eTeX basic definition package (PEB)
\et@xins=\count124
)
\etb@tempcnta=\count125
)
("C:\Program Files\MiKTeX 2.9\tex\latex\xstring\xstring.sty"
("C:\Program Files\MiKTeX 2.9\tex\generic\xstring\xstring.tex"
\@xs@message=\write3
\integerpart=\count126
\decimalpart=\count127
)
Package: xstring 2013/10/13  v1.7c  String manipulations (C Tellechea)
)
("C:\Program Files\MiKTeX 2.9\tex\latex\xcolor\xcolor.sty"
Package: xcolor 2016/05/11 v2.12 LaTeX color extensions (UK)

("C:\Program Files\MiKTeX 2.9\tex\latex\00miktex\color.cfg"
File: color.cfg 2007/01/18 v1.5 color configuration of teTeX/TeXLive
)
Package xcolor Info: Driver file: pdftex.def on input line 225.

("C:\Program Files\MiKTeX 2.9\tex\latex\colortbl\colortbl.sty"
Package: colortbl 2012/02/13 v1.0a Color table columns (DPC)

("C:\Program Files\MiKTeX 2.9\tex\latex\tools\array.sty"
Package: array 2008/09/09 v2.4c Tabular extension package (FMi)
\col@sep=\dimen133
\extrarowheight=\dimen134
\NC@list=\toks22
\extratabsurround=\skip95
\backup@length=\skip96
)
\everycr=\toks23
\minrowclearance=\skip97
)
\rownum=\count128
Package xcolor Info: Model `cmy' substituted by `cmy0' on input line 1348.
Package xcolor Info: Model `hsb' substituted by `rgb' on input line 1352.
Package xcolor Info: Model `RGB' extended on input line 1364.
Package xcolor Info: Model `HTML' substituted by `rgb' on input line 1366.
Package xcolor Info: Model `Hsb' substituted by `hsb' on input line 1367.
Package xcolor Info: Model `tHsb' substituted by `hsb' on input line 1368.
Package xcolor Info: Model `HSB' substituted by `hsb' on input line 1369.
Package xcolor Info: Model `Gray' substituted by `gray' on input line 1370.
Package xcolor Info: Model `wave' substituted by `hsb' on input line 1371.
)
("C:\Program Files\MiKTeX 2.9\tex\latex\pgf\utilities\pgffor.sty"
("C:\Program Files\MiKTeX 2.9\tex\latex\pgf\utilities\pgfrcs.sty"
("C:\Program Files\MiKTeX 2.9\tex\generic\pgf\utilities\pgfutil-common.tex"
\pgfutil@everybye=\toks24
\pgfutil@tempdima=\dimen135
\pgfutil@tempdimb=\dimen136

("C:\Program Files\MiKTeX 2.9\tex\generic\pgf\utilities\pgfutil-common-lists.te
x")) ("C:\Program Files\MiKTeX 2.9\tex\generic\pgf\utilities\pgfutil-latex.def"
\pgfutil@abb=\box32
("C:\Program Files\MiKTeX 2.9\tex\latex\ms\everyshi.sty"
Package: everyshi 2001/05/15 v3.00 EveryShipout Package (MS)
))
("C:\Program Files\MiKTeX 2.9\tex\generic\pgf\utilities\pgfrcs.code.tex"
Package: pgfrcs 2015/08/07 v3.0.1a (rcs-revision 1.31)
))
("C:\Program Files\MiKTeX 2.9\tex\latex\pgf\utilities\pgfkeys.sty"
("C:\Program Files\MiKTeX 2.9\tex\generic\pgf\utilities\pgfkeys.code.tex"
\pgfkeys@pathtoks=\toks25
\pgfkeys@temptoks=\toks26

("C:\Program Files\MiKTeX 2.9\tex\generic\pgf\utilities\pgfkeysfiltered.code.te
x"
\pgfkeys@tmptoks=\toks27
))) ("C:\Program Files\MiKTeX 2.9\tex\latex\pgf\math\pgfmath.sty"
("C:\Program Files\MiKTeX 2.9\tex\generic\pgf\math\pgfmath.code.tex"
("C:\Program Files\MiKTeX 2.9\tex\generic\pgf\math\pgfmathcalc.code.tex"
("C:\Program Files\MiKTeX 2.9\tex\generic\pgf\math\pgfmathutil.code.tex"
\pgf@x=\dimen137
\pgf@xa=\dimen138
\pgf@xb=\dimen139
\pgf@xc=\dimen140
\pgf@y=\dimen141
\pgf@ya=\dimen142
\pgf@yb=\dimen143
\pgf@yc=\dimen144
\c@pgf@counta=\count129
\c@pgf@countb=\count130
\c@pgf@countc=\count131
\c@pgf@countd=\count132
)
("C:\Program Files\MiKTeX 2.9\tex\generic\pgf\math\pgfmathparser.code.tex"
\pgfmath@dimen=\dimen145
\pgfmath@count=\count133
\pgfmath@box=\box33
\pgfmath@toks=\toks28
\pgfmath@stack@operand=\toks29
\pgfmath@stack@operation=\toks30
)
("C:\Program Files\MiKTeX 2.9\tex\generic\pgf\math\pgfmathfunctions.code.tex"
("C:\Program Files\MiKTeX 2.9\tex\generic\pgf\math\pgfmathfunctions.basic.code.
tex")
("C:\Program Files\MiKTeX 2.9\tex\generic\pgf\math\pgfmathfunctions.trigonometr
ic.code.tex")
("C:\Program Files\MiKTeX 2.9\tex\generic\pgf\math\pgfmathfunctions.random.code
.tex")
("C:\Program Files\MiKTeX 2.9\tex\generic\pgf\math\pgfmathfunctions.comparison.
code.tex")
("C:\Program Files\MiKTeX 2.9\tex\generic\pgf\math\pgfmathfunctions.base.code.t
ex")
("C:\Program Files\MiKTeX 2.9\tex\generic\pgf\math\pgfmathfunctions.round.code.
tex")
("C:\Program Files\MiKTeX 2.9\tex\generic\pgf\math\pgfmathfunctions.misc.code.t
ex")
("C:\Program Files\MiKTeX 2.9\tex\generic\pgf\math\pgfmathfunctions.integerarit
hmetics.code.tex")))
("C:\Program Files\MiKTeX 2.9\tex\generic\pgf\math\pgfmathfloat.code.tex"
\c@pgfmathroundto@lastzeros=\count134
)))
("C:\Program Files\MiKTeX 2.9\tex\generic\pgf\utilities\pgffor.code.tex"
Package: pgffor 2013/12/13 v3.0.1a (rcs-revision 1.25)

("C:\Program Files\MiKTeX 2.9\tex\generic\pgf\math\pgfmath.code.tex")
\pgffor@iter=\dimen146
\pgffor@skip=\dimen147
\pgffor@stack=\toks31
\pgffor@toks=\toks32
))
\@input{dosen.aux}
("D:\Vanessa\Data\SMT 8\SKRIPSICOY\Template Skripsi FTIS-versibaru\dosen.tex")
Package hyperref Info: Option `unicode' set `true' on input line 199.
Package hyperref Info: Option `colorlinks' set `true' on input line 199.
LaTeX Font Info:    Try loading font information for T1+lmr on input line 207.

("C:\Program Files\MiKTeX 2.9\tex\latex\lm\t1lmr.fd"
File: t1lmr.fd 2009/10/30 v1.6 Font defs for Latin Modern
)
\@input{data.aux}
("D:\Vanessa\Data\SMT 8\SKRIPSICOY\Template Skripsi FTIS-versibaru\data.tex"
("C:\Program Files\MiKTeX 2.9\tex\latex\booktabs\booktabs.sty"
Package: booktabs 2005/04/14 v1.61803 publication quality tables
\heavyrulewidth=\dimen148
\lightrulewidth=\dimen149
\cmidrulewidth=\dimen150
\belowrulesep=\dimen151
\belowbottomsep=\dimen152
\aboverulesep=\dimen153
\abovetopsep=\dimen154
\cmidrulesep=\dimen155
\cmidrulekern=\dimen156
\defaultaddspace=\dimen157
\@cmidla=\count135
\@cmidlb=\count136
\@aboverulesep=\dimen158
\@belowrulesep=\dimen159
\@thisruleclass=\count137
\@lastruleclass=\count138
\@thisrulewidth=\dimen160
)
("C:\Program Files\MiKTeX 2.9\tex\latex\tools\longtable.sty"
Package: longtable 2004/02/01 v4.11 Multi-page Table package (DPC)
\LTleft=\skip98
\LTright=\skip99
\LTpre=\skip100
\LTpost=\skip101
\LTchunksize=\count139
\LTcapwidth=\dimen161
\LT@head=\box34
\LT@firsthead=\box35
\LT@foot=\box36
\LT@lastfoot=\box37
\LT@cols=\count140
\LT@rows=\count141
\c@LT@tables=\count142
\c@LT@chunks=\count143
\LT@p@ftn=\toks33
)
("C:\Program Files\MiKTeX 2.9\tex\latex\amsfonts\amssymb.sty"
Package: amssymb 2013/01/14 v3.01 AMS font symbols

("C:\Program Files\MiKTeX 2.9\tex\latex\amsfonts\amsfonts.sty"
Package: amsfonts 2013/01/14 v3.01 Basic AMSFonts support
\@emptytoks=\toks34
\symAMSa=\mathgroup4
\symAMSb=\mathgroup5
LaTeX Font Info:    Overwriting math alphabet `\mathfrak' in version `bold'
(Font)                  U/euf/m/n --> U/euf/b/n on input line 106.
))
("C:\Program Files\MiKTeX 2.9\tex\latex\todo\todo.sty"
Package: todo 2010/03/31 v2.4142 To-do list (Federico Garcia)
\@todotoks=\toks35
\c@todo=\count144
)
("C:\Program Files\MiKTeX 2.9\tex\latex\tools\verbatim.sty"
Package: verbatim 2003/08/22 v1.5q LaTeX2e package for verbatim enhancements
\every@verbatim=\toks36
\verbatim@line=\toks37
\verbatim@in@stream=\read1
)
("C:\Program Files\MiKTeX 2.9\tex\latex\pgfplots\pgfplots.sty"
("C:\Program Files\MiKTeX 2.9\tex\generic\pgfplots\pgfplots.revision.tex")
Package: pgfplots 2017/06/05 v1.15 Data Visualization (1.15)

("C:\Program Files\MiKTeX 2.9\tex\latex\pgf\frontendlayer\tikz.sty"
("C:\Program Files\MiKTeX 2.9\tex\latex\pgf\basiclayer\pgf.sty"
Package: pgf 2015/08/07 v3.0.1a (rcs-revision 1.15)

("C:\Program Files\MiKTeX 2.9\tex\latex\pgf\basiclayer\pgfcore.sty"
("C:\Program Files\MiKTeX 2.9\tex\latex\pgf\systemlayer\pgfsys.sty"
("C:\Program Files\MiKTeX 2.9\tex\generic\pgf\systemlayer\pgfsys.code.tex"
Package: pgfsys 2014/07/09 v3.0.1a (rcs-revision 1.48)

("C:\Program Files\MiKTeX 2.9\tex\generic\pgf\utilities\pgfkeys.code.tex")
\pgf@x=\dimen162
\pgf@y=\dimen163
\pgf@xa=\dimen164
\pgf@ya=\dimen165
\pgf@xb=\dimen166
\pgf@yb=\dimen167
\pgf@xc=\dimen168
\pgf@yc=\dimen169
\w@pgf@writea=\write4
\r@pgf@reada=\read2
\c@pgf@counta=\count145
\c@pgf@countb=\count146
\c@pgf@countc=\count147
\c@pgf@countd=\count148
\t@pgf@toka=\toks38
\t@pgf@tokb=\toks39
\t@pgf@tokc=\toks40

("C:\Program Files\MiKTeX 2.9\tex\generic\pgf\systemlayer\pgf.cfg"
File: pgf.cfg 2008/05/14  (rcs-revision 1.7)
)
Driver file for pgf: pgfsys-pdftex.def

("C:\Program Files\MiKTeX 2.9\tex\generic\pgf\systemlayer\pgfsys-pdftex.def"
File: pgfsys-pdftex.def 2014/10/11  (rcs-revision 1.35)

("C:\Program Files\MiKTeX 2.9\tex\generic\pgf\systemlayer\pgfsys-common-pdf.def
"
File: pgfsys-common-pdf.def 2013/10/10  (rcs-revision 1.13)
)))
("C:\Program Files\MiKTeX 2.9\tex\generic\pgf\systemlayer\pgfsyssoftpath.code.t
ex"
File: pgfsyssoftpath.code.tex 2013/09/09  (rcs-revision 1.9)
\pgfsyssoftpath@smallbuffer@items=\count149
\pgfsyssoftpath@bigbuffer@items=\count150
)
("C:\Program Files\MiKTeX 2.9\tex\generic\pgf\systemlayer\pgfsysprotocol.code.t
ex"
File: pgfsysprotocol.code.tex 2006/10/16  (rcs-revision 1.4)
)) ("C:\Program Files\MiKTeX 2.9\tex\generic\pgf\basiclayer\pgfcore.code.tex"
Package: pgfcore 2010/04/11 v3.0.1a (rcs-revision 1.7)
 ("C:\Program Files\MiKTeX 2.9\tex\generic\pgf\math\pgfmath.code.tex")
("C:\Program Files\MiKTeX 2.9\tex\generic\pgf\basiclayer\pgfcorepoints.code.tex
"
File: pgfcorepoints.code.tex 2013/10/07  (rcs-revision 1.27)
\pgf@picminx=\dimen170
\pgf@picmaxx=\dimen171
\pgf@picminy=\dimen172
\pgf@picmaxy=\dimen173
\pgf@pathminx=\dimen174
\pgf@pathmaxx=\dimen175
\pgf@pathminy=\dimen176
\pgf@pathmaxy=\dimen177
\pgf@xx=\dimen178
\pgf@xy=\dimen179
\pgf@yx=\dimen180
\pgf@yy=\dimen181
\pgf@zx=\dimen182
\pgf@zy=\dimen183
)
("C:\Program Files\MiKTeX 2.9\tex\generic\pgf\basiclayer\pgfcorepathconstruct.c
ode.tex"
File: pgfcorepathconstruct.code.tex 2013/10/07  (rcs-revision 1.29)
\pgf@path@lastx=\dimen184
\pgf@path@lasty=\dimen185
)
("C:\Program Files\MiKTeX 2.9\tex\generic\pgf\basiclayer\pgfcorepathusage.code.
tex"
File: pgfcorepathusage.code.tex 2014/11/02  (rcs-revision 1.24)
\pgf@shorten@end@additional=\dimen186
\pgf@shorten@start@additional=\dimen187
)
("C:\Program Files\MiKTeX 2.9\tex\generic\pgf\basiclayer\pgfcorescopes.code.tex
"
File: pgfcorescopes.code.tex 2015/05/08  (rcs-revision 1.46)
\pgfpic=\box38
\pgf@hbox=\box39
\pgf@layerbox@main=\box40
\pgf@picture@serial@count=\count151
)
("C:\Program Files\MiKTeX 2.9\tex\generic\pgf\basiclayer\pgfcoregraphicstate.co
de.tex"
File: pgfcoregraphicstate.code.tex 2014/11/02  (rcs-revision 1.12)
\pgflinewidth=\dimen188
)
("C:\Program Files\MiKTeX 2.9\tex\generic\pgf\basiclayer\pgfcoretransformations
.code.tex"
File: pgfcoretransformations.code.tex 2015/08/07  (rcs-revision 1.20)
\pgf@pt@x=\dimen189
\pgf@pt@y=\dimen190
\pgf@pt@temp=\dimen191
)
("C:\Program Files\MiKTeX 2.9\tex\generic\pgf\basiclayer\pgfcorequick.code.tex"
File: pgfcorequick.code.tex 2008/10/09  (rcs-revision 1.3)
)
("C:\Program Files\MiKTeX 2.9\tex\generic\pgf\basiclayer\pgfcoreobjects.code.te
x"
File: pgfcoreobjects.code.tex 2006/10/11  (rcs-revision 1.2)
)
("C:\Program Files\MiKTeX 2.9\tex\generic\pgf\basiclayer\pgfcorepathprocessing.
code.tex"
File: pgfcorepathprocessing.code.tex 2013/09/09  (rcs-revision 1.9)
)
("C:\Program Files\MiKTeX 2.9\tex\generic\pgf\basiclayer\pgfcorearrows.code.tex
"
File: pgfcorearrows.code.tex 2015/05/14  (rcs-revision 1.43)
\pgfarrowsep=\dimen192
)
("C:\Program Files\MiKTeX 2.9\tex\generic\pgf\basiclayer\pgfcoreshade.code.tex"
File: pgfcoreshade.code.tex 2013/07/15  (rcs-revision 1.15)
\pgf@max=\dimen193
\pgf@sys@shading@range@num=\count152
) ("C:\Program Files\MiKTeX 2.9\tex\generic\pgf\basiclayer\pgfcoreimage.code.te
x"
File: pgfcoreimage.code.tex 2013/07/15  (rcs-revision 1.18)

("C:\Program Files\MiKTeX 2.9\tex\generic\pgf\basiclayer\pgfcoreexternal.code.t
ex"
File: pgfcoreexternal.code.tex 2014/07/09  (rcs-revision 1.21)
\pgfexternal@startupbox=\box41
))
("C:\Program Files\MiKTeX 2.9\tex\generic\pgf\basiclayer\pgfcorelayers.code.tex
"
File: pgfcorelayers.code.tex 2013/07/18  (rcs-revision 1.7)
)
("C:\Program Files\MiKTeX 2.9\tex\generic\pgf\basiclayer\pgfcoretransparency.co
de.tex"
File: pgfcoretransparency.code.tex 2013/09/30  (rcs-revision 1.5)
)
("C:\Program Files\MiKTeX 2.9\tex\generic\pgf\basiclayer\pgfcorepatterns.code.t
ex"
File: pgfcorepatterns.code.tex 2013/11/07  (rcs-revision 1.5)
)))
("C:\Program Files\MiKTeX 2.9\tex\generic\pgf\modules\pgfmoduleshapes.code.tex"
File: pgfmoduleshapes.code.tex 2014/03/21  (rcs-revision 1.35)
\pgfnodeparttextbox=\box42
) ("C:\Program Files\MiKTeX 2.9\tex\generic\pgf\modules\pgfmoduleplot.code.tex"
File: pgfmoduleplot.code.tex 2015/08/03  (rcs-revision 1.13)
)
("C:\Program Files\MiKTeX 2.9\tex\latex\pgf\compatibility\pgfcomp-version-0-65.
sty"
Package: pgfcomp-version-0-65 2007/07/03 v3.0.1a (rcs-revision 1.7)
\pgf@nodesepstart=\dimen194
\pgf@nodesepend=\dimen195
)
("C:\Program Files\MiKTeX 2.9\tex\latex\pgf\compatibility\pgfcomp-version-1-18.
sty"
Package: pgfcomp-version-1-18 2007/07/23 v3.0.1a (rcs-revision 1.1)
))
("C:\Program Files\MiKTeX 2.9\tex\generic\pgf\frontendlayer\tikz\tikz.code.tex"
Package: tikz 2015/08/07 v3.0.1a (rcs-revision 1.151)

("C:\Program Files\MiKTeX 2.9\tex\generic\pgf\libraries\pgflibraryplothandlers.
code.tex"
File: pgflibraryplothandlers.code.tex 2013/08/31 v3.0.1a (rcs-revision 1.20)
\pgf@plot@mark@count=\count153
\pgfplotmarksize=\dimen196
)
\tikz@lastx=\dimen197
\tikz@lasty=\dimen198
\tikz@lastxsaved=\dimen199
\tikz@lastysaved=\dimen200
\tikzleveldistance=\dimen201
\tikzsiblingdistance=\dimen202
\tikz@figbox=\box43
\tikz@figbox@bg=\box44
\tikz@tempbox=\box45
\tikz@tempbox@bg=\box46
\tikztreelevel=\count154
\tikznumberofchildren=\count155
\tikznumberofcurrentchild=\count156
\tikz@fig@count=\count157

("C:\Program Files\MiKTeX 2.9\tex\generic\pgf\modules\pgfmodulematrix.code.tex"
File: pgfmodulematrix.code.tex 2013/09/17  (rcs-revision 1.8)
\pgfmatrixcurrentrow=\count158
\pgfmatrixcurrentcolumn=\count159
\pgf@matrix@numberofcolumns=\count160
)
\tikz@expandcount=\count161

("C:\Program Files\MiKTeX 2.9\tex\generic\pgf\frontendlayer\tikz\libraries\tikz
librarytopaths.code.tex"
File: tikzlibrarytopaths.code.tex 2008/06/17 v3.0.1a (rcs-revision 1.2)
)))
("C:\Program Files\MiKTeX 2.9\tex\generic\pgfplots\pgfplots.code.tex"
("C:\Program Files\MiKTeX 2.9\tex\generic\pgfplots\pgfplotscore.code.tex"
\t@pgfplots@toka=\toks41
\t@pgfplots@tokb=\toks42
\t@pgfplots@tokc=\toks43
\pgfplots@tmpa=\dimen203
\c@pgfplots@coordindex=\count162
\c@pgfplots@scanlineindex=\count163

("C:\Program Files\MiKTeX 2.9\tex\generic\pgfplots\sys\pgfplotssysgeneric.code.
tex"))
("C:\Program Files\MiKTeX 2.9\tex\generic\pgfplots\libs\pgfplotslibrary.code.te
x")
("C:\Program Files\MiKTeX 2.9\tex\generic\pgfplots\oldpgfcompatib\pgfplotsoldpg
fsupp_loader.code.tex"
("C:\Program Files\MiKTeX 2.9\tex\generic\pgf\libraries\pgflibraryfpu.code.tex"
)
Package pgfplots: loading complementary arithmetics for your pgf version...

("C:\Program Files\MiKTeX 2.9\tex\generic\pgfplots\oldpgfcompatib\pgfplotsoldpg
fsupp_pgflibraryfpu.code.tex")
("C:\Program Files\MiKTeX 2.9\tex\generic\pgfplots\oldpgfcompatib\pgfplotsoldpg
fsupp_pgfmathfloat.code.tex"
\c@pgfmathroundto@lastzeros=\count164
))
("C:\Program Files\MiKTeX 2.9\tex\generic\pgfplots\util\pgfplotsutil.code.tex"
("C:\Program Files\MiKTeX 2.9\tex\generic\pgfplots\liststructure\pgfplotslistst
ructure.code.tex")
("C:\Program Files\MiKTeX 2.9\tex\generic\pgfplots\liststructure\pgfplotslistst
ructureext.code.tex")
("C:\Program Files\MiKTeX 2.9\tex\generic\pgfplots\liststructure\pgfplotsarray.
code.tex"
\c@pgfplotsarray@tmp=\count165
)
("C:\Program Files\MiKTeX 2.9\tex\generic\pgfplots\liststructure\pgfplotsmatrix
.code.tex")
("C:\Program Files\MiKTeX 2.9\tex\generic\pgfplots\numtable\pgfplotstableshared
.code.tex"
\c@pgfplotstable@counta=\count166
\t@pgfplotstable@a=\toks44
)
("C:\Program Files\MiKTeX 2.9\tex\generic\pgfplots\liststructure\pgfplotsdeque.
code.tex")
("C:\Program Files\MiKTeX 2.9\tex\generic\pgfplots\util\pgfplotsbinary.code.tex
"
("C:\Program Files\MiKTeX 2.9\tex\generic\pgfplots\util\pgfplotsbinary.data.cod
e.tex"))
("C:\Program Files\MiKTeX 2.9\tex\generic\pgfplots\util\pgfplotsutil.verb.code.
tex")
("C:\Program Files\MiKTeX 2.9\tex\generic\pgfplots\libs\pgflibrarypgfplots.surf
shading.code.tex"
\c@pgfplotslibrarysurf@no=\count167

("C:\Program Files\MiKTeX 2.9\tex\generic\pgfplots\sys\pgflibrarypgfplots.surfs
hading.pgfsys-pdftex.def")))
("C:\Program Files\MiKTeX 2.9\tex\generic\pgfplots\util\pgfplotscolormap.code.t
ex"
("C:\Program Files\MiKTeX 2.9\tex\generic\pgfplots\util\pgfplotscolor.code.tex"
))
("C:\Program Files\MiKTeX 2.9\tex\generic\pgfplots\pgfplotsstackedplots.code.te
x")
("C:\Program Files\MiKTeX 2.9\tex\generic\pgfplots\pgfplotsplothandlers.code.te
x"
("C:\Program Files\MiKTeX 2.9\tex\generic\pgfplots\pgfplotsmeshplothandler.code
.tex"
("C:\Program Files\MiKTeX 2.9\tex\generic\pgfplots\pgfplotsmeshplotimage.code.t
ex")))
("C:\Program Files\MiKTeX 2.9\tex\generic\pgfplots\pgfplots.scaling.code.tex")
("C:\Program Files\MiKTeX 2.9\tex\generic\pgfplots\pgfplotscoordprocessing.code
.tex")
("C:\Program Files\MiKTeX 2.9\tex\generic\pgfplots\pgfplots.errorbars.code.tex"
) ("C:\Program Files\MiKTeX 2.9\tex\generic\pgfplots\pgfplots.markers.code.tex"
) ("C:\Program Files\MiKTeX 2.9\tex\generic\pgfplots\pgfplotsticks.code.tex")
("C:\Program Files\MiKTeX 2.9\tex\generic\pgfplots\pgfplots.paths.code.tex")
("C:\Program Files\MiKTeX 2.9\tex\generic\pgf\frontendlayer\tikz\libraries\tikz
librarydecorations.code.tex"
("C:\Program Files\MiKTeX 2.9\tex\generic\pgf\modules\pgfmoduledecorations.code
.tex"
\pgfdecoratedcompleteddistance=\dimen204
\pgfdecoratedremainingdistance=\dimen205
\pgfdecoratedinputsegmentcompleteddistance=\dimen206
\pgfdecoratedinputsegmentremainingdistance=\dimen207
\pgf@decorate@distancetomove=\dimen208
\pgf@decorate@repeatstate=\count168
\pgfdecorationsegmentamplitude=\dimen209
\pgfdecorationsegmentlength=\dimen210
)
\tikz@lib@dec@box=\box47
)
("C:\Program Files\MiKTeX 2.9\tex\generic\pgf\frontendlayer\tikz\libraries\tikz
librarydecorations.pathmorphing.code.tex"
("C:\Program Files\MiKTeX 2.9\tex\generic\pgf\libraries\decorations\pgflibraryd
ecorations.pathmorphing.code.tex"))
("C:\Program Files\MiKTeX 2.9\tex\generic\pgf\frontendlayer\tikz\libraries\tikz
librarydecorations.pathreplacing.code.tex"
("C:\Program Files\MiKTeX 2.9\tex\generic\pgf\libraries\decorations\pgflibraryd
ecorations.pathreplacing.code.tex"))
\pgfplots@numplots=\count169
\pgfplots@xmin@reg=\dimen211
\pgfplots@xmax@reg=\dimen212
\pgfplots@ymin@reg=\dimen213
\pgfplots@ymax@reg=\dimen214
\pgfplots@zmin@reg=\dimen215
\pgfplots@zmax@reg=\dimen216
)
("C:\Program Files\MiKTeX 2.9\tex\generic\pgf\frontendlayer\tikz\libraries\tikz
libraryplotmarks.code.tex"
File: tikzlibraryplotmarks.code.tex 2008/01/09 v3.0.1a (rcs-revision 1.1)

("C:\Program Files\MiKTeX 2.9\tex\generic\pgf\libraries\pgflibraryplotmarks.cod
e.tex"
File: pgflibraryplotmarks.code.tex 2015/08/03 v3.0.1a (rcs-revision 1.14)
)))

Package hyperref Warning: Token not allowed in a PDF string (Unicode):
(hyperref)                removing `\@ifnextchar' on input line 198.

) ("D:\Vanessa\Data\SMT 8\SKRIPSICOY\Template Skripsi FTIS-versibaru\skripsi.au
x"
("D:\Vanessa\Data\SMT 8\SKRIPSICOY\Template Skripsi FTIS-versibaru\Bab/bab1.aux
")
("D:\Vanessa\Data\SMT 8\SKRIPSICOY\Template Skripsi FTIS-versibaru\Bab/bab2.aux
")
("D:\Vanessa\Data\SMT 8\SKRIPSICOY\Template Skripsi FTIS-versibaru\Bab/bab3.aux
"

LaTeX Warning: Label `tabelLW' multiply defined.


LaTeX Warning: Label `fig:t0' multiply defined.


LaTeX Warning: Label `fig:t0' multiply defined.


LaTeX Warning: Label `fig:t0' multiply defined.

)
("D:\Vanessa\Data\SMT 8\SKRIPSICOY\Template Skripsi FTIS-versibaru\Bab/bab4.aux
")
("D:\Vanessa\Data\SMT 8\SKRIPSICOY\Template Skripsi FTIS-versibaru\Lampiran/lam
pA.aux")
("D:\Vanessa\Data\SMT 8\SKRIPSICOY\Template Skripsi FTIS-versibaru\Lampiran/lam
pB.aux"))
LaTeX Font Info:    Checking defaults for OML/cmm/m/it on input line 242.
LaTeX Font Info:    ... okay on input line 242.
LaTeX Font Info:    Checking defaults for T1/cmr/m/n on input line 242.
LaTeX Font Info:    ... okay on input line 242.
LaTeX Font Info:    Checking defaults for OT1/cmr/m/n on input line 242.
LaTeX Font Info:    ... okay on input line 242.
LaTeX Font Info:    Checking defaults for OMS/cmsy/m/n on input line 242.
LaTeX Font Info:    ... okay on input line 242.
LaTeX Font Info:    Checking defaults for OMX/cmex/m/n on input line 242.
LaTeX Font Info:    ... okay on input line 242.
LaTeX Font Info:    Checking defaults for U/cmr/m/n on input line 242.
LaTeX Font Info:    ... okay on input line 242.
LaTeX Font Info:    Checking defaults for PD1/pdf/m/n on input line 242.
LaTeX Font Info:    ... okay on input line 242.
LaTeX Font Info:    Checking defaults for PU/pdf/m/n on input line 242.
LaTeX Font Info:    ... okay on input line 242.

*geometry* driver: auto-detecting
*geometry* detected driver: pdftex
*geometry* verbose mode - [ preamble ] result:
* driver: pdftex
* paper: a4paper
* layout: <same size as paper>
* layoutoffset:(h,v)=(0.0pt,0.0pt)
* modes: twoside 
* h-part:(L,W,R)=(71.13188pt, 469.47049pt, 56.9055pt)
* v-part:(T,H,B)=(71.13188pt, 702.78308pt, 71.13188pt)
* \paperwidth=597.50787pt
* \paperheight=845.04684pt
* \textwidth=469.47049pt
* \textheight=702.78308pt
* \oddsidemargin=-1.1381pt
* \evensidemargin=-15.36449pt
* \topmargin=-38.1381pt
* \headheight=17.25pt
* \headsep=25.0pt
* \topskip=11.0pt
* \footskip=30.0pt
* \marginparwidth=103.0pt
* \marginparsep=10.0pt
* \columnsep=10.0pt
* \skip\footins=10.0pt plus 4.0pt minus 2.0pt
* \hoffset=0.0pt
* \voffset=0.0pt
* \mag=1000
* \@twocolumnfalse
* \@twosidetrue
* \@mparswitchtrue
* \@reversemarginfalse
* (1in=72.27pt=25.4mm, 1cm=28.453pt)

LaTeX Info: Redefining \microtypecontext on input line 242.
Package microtype Info: Generating PDF output.
Package microtype Info: Character protrusion enabled (level 2).
Package microtype Info: Using default protrusion set `alltext'.
Package microtype Info: Automatic font expansion enabled (level 2),
(microtype)             stretch: 20, shrink: 20, step: 1, non-selected.
Package microtype Info: Using default expansion set `basictext'.
Package microtype Info: No adjustment of tracking.
Package microtype Info: No adjustment of interword spacing.
Package microtype Info: No adjustment of character kerning.
("C:\Program Files\MiKTeX 2.9\tex\latex\microtype\mt-cmr.cfg"
File: mt-cmr.cfg 2013/05/19 v2.2 microtype config. file: Computer Modern Roman 
(RS)
)
\AtBeginShipoutBox=\box48
Package hyperref Info: Link coloring ON on input line 242.

("C:\Program Files\MiKTeX 2.9\tex\latex\hyperref\nameref.sty"
Package: nameref 2012/10/27 v2.43 Cross-referencing by name of section

("C:\Program Files\MiKTeX 2.9\tex\generic\oberdiek\gettitlestring.sty"
Package: gettitlestring 2010/12/03 v1.4 Cleanup title references (HO)
)
\c@section@level=\count170
)
LaTeX Info: Redefining \ref on input line 242.
LaTeX Info: Redefining \pageref on input line 242.
LaTeX Info: Redefining \nameref on input line 242.

("D:\Vanessa\Data\SMT 8\SKRIPSICOY\Template Skripsi FTIS-versibaru\skripsi.out"
) ("D:\Vanessa\Data\SMT 8\SKRIPSICOY\Template Skripsi FTIS-versibaru\skripsi.ou
t")
\@outlinefile=\write5
 ("C:\Program Files\MiKTeX 2.9\tex\context\base\supp-pdf.mkii"
[Loading MPS to PDF converter (version 2006.09.02).]
\scratchcounter=\count171
\scratchdimen=\dimen217
\scratchbox=\box49
\nofMPsegments=\count172
\nofMParguments=\count173
\everyMPshowfont=\toks45
\MPscratchCnt=\count174
\MPscratchDim=\dimen218
\MPnumerator=\count175
\makeMPintoPDFobject=\count176
\everyMPtoPDFconversion=\toks46
)
\c@lstlisting=\count177
 ABD: EveryShipout initializing macros
Package pgfplots notification 'compat/show suggested version=true': document ha
s been generated with the most recent feature set (\pgfplotsset{compat=1.15}).

<Logo-UNPAR.png, id=226, 226.8475pt x 223.83624pt>
File: Logo-UNPAR.png Graphic file (type png)
 <use Logo-UNPAR.png>
Package pdftex.def Info: Logo-UNPAR.png used on input line 401.
(pdftex.def)             Requested size: 226.84694pt x 223.8357pt.

[1





{C:/ProgramData/MiKTeX/2.9/pdftex/config/pdftex.map} <D:/Vanessa/Data/SMT 8/SKR
IPSICOY/Template Skripsi FTIS-versibaru/Logo-UNPAR.png>] [2

]
File: Logo-UNPAR.png Graphic file (type png)

<use Logo-UNPAR.png>
Package pdftex.def Info: Logo-UNPAR.png used on input line 401.
(pdftex.def)             Requested size: 226.84694pt x 223.8357pt.
 [3] [4

] [5] [6

]
LaTeX Font Info:    Try loading font information for OT1+lmr on input line 401.


("C:\Program Files\MiKTeX 2.9\tex\latex\lm\ot1lmr.fd"
File: ot1lmr.fd 2009/10/30 v1.6 Font defs for Latin Modern
)
LaTeX Font Info:    Try loading font information for OML+lmm on input line 401.


("C:\Program Files\MiKTeX 2.9\tex\latex\lm\omllmm.fd"
File: omllmm.fd 2009/10/30 v1.6 Font defs for Latin Modern
)
LaTeX Font Info:    Try loading font information for OMS+lmsy on input line 401
.

("C:\Program Files\MiKTeX 2.9\tex\latex\lm\omslmsy.fd"
File: omslmsy.fd 2009/10/30 v1.6 Font defs for Latin Modern
)
LaTeX Font Info:    Try loading font information for OMX+lmex on input line 401
.

("C:\Program Files\MiKTeX 2.9\tex\latex\lm\omxlmex.fd"
File: omxlmex.fd 2009/10/30 v1.6 Font defs for Latin Modern
)
LaTeX Font Info:    External font `lmex10' loaded for size
(Font)              <10.95> on input line 401.
LaTeX Font Info:    External font `lmex10' loaded for size
(Font)              <8> on input line 401.
LaTeX Font Info:    External font `lmex10' loaded for size
(Font)              <6> on input line 401.
LaTeX Font Info:    Try loading font information for U+msa on input line 401.

("C:\Program Files\MiKTeX 2.9\tex\latex\amsfonts\umsa.fd"
File: umsa.fd 2013/01/14 v3.01 AMS symbols A
)
("C:\Program Files\MiKTeX 2.9\tex\latex\microtype\mt-msa.cfg"
File: mt-msa.cfg 2006/02/04 v1.1 microtype config. file: AMS symbols (a) (RS)
)
LaTeX Font Info:    Try loading font information for U+msb on input line 401.

("C:\Program Files\MiKTeX 2.9\tex\latex\amsfonts\umsb.fd"
File: umsb.fd 2013/01/14 v3.01 AMS symbols B
)
("C:\Program Files\MiKTeX 2.9\tex\latex\microtype\mt-msb.cfg"
File: mt-msb.cfg 2005/06/01 v1.0 microtype config. file: AMS symbols (b) (RS)
) [7] [8

] [9]
[10

] [11] [12

] [13] [14

] [15

] [16

]
("D:\Vanessa\Data\SMT 8\SKRIPSICOY\Template Skripsi FTIS-versibaru\skripsi.toc"
Package microtype Info: Character `029' is missing
(microtype)             in font `T1/lmr/m/sc/10.95'.
(microtype)             Ignoring protrusion settings for this character.
LaTeX Font Info:    Font shape `T1/lmr/bx/sc' in size <10.95> not available
(Font)              Font shape `T1/cmr/bx/sc' tried instead on input line 2.
[17])
\tf@toc=\write6
 [18]
("D:\Vanessa\Data\SMT 8\SKRIPSICOY\Template Skripsi FTIS-versibaru\skripsi.lof"
)
\tf@lof=\write7
 [19

] [20

]
("D:\Vanessa\Data\SMT 8\SKRIPSICOY\Template Skripsi FTIS-versibaru\skripsi.lot"
)
\tf@lot=\write8
 [21] [22

]
("D:\Vanessa\Data\SMT 8\SKRIPSICOY\Template Skripsi FTIS-versibaru\Bab/bab1.tex
"
Bab 1.
[1


]
Package microtype Info: Character `029' is missing
(microtype)             in font `T1/lmr/m/sc/10'.
(microtype)             Ignoring protrusion settings for this character.
 [2]) [3]
("D:\Vanessa\Data\SMT 8\SKRIPSICOY\Template Skripsi FTIS-versibaru\Bab/bab2.tex
" [4



]
Bab 2.
<GEM2016-wirausaha.png, id=528, 586.44093pt x 293.59688pt>
File: GEM2016-wirausaha.png Graphic file (type png)

<use GEM2016-wirausaha.png>
Package pdftex.def Info: GEM2016-wirausaha.png used on input line 26.
(pdftex.def)             Requested size: 398.33607pt x 170.71637pt.
 [5]
Underfull \hbox (badness 10000) in paragraph at lines 41--41
[]|\T1/lmr/m/n/10.95 (+20) Improvement-
 []


Underfull \hbox (badness 2221) in paragraph at lines 41--41
\T1/lmr/m/n/10.95 (+20) Driven Op-por-tu-
 []


Underfull \hbox (badness 4886) in paragraph at lines 41--41
\T1/lmr/m/n/10.95 (+20) ni-ty En-trep-re-ne-
 []


Underfull \hbox (badness 6510) in paragraph at lines 41--41
\T1/lmr/m/n/10.95 (+20) u-ri-al Acti-vi-ty :
 []


Underfull \hbox (badness 10000) in paragraph at lines 43--43
[]|\T1/lmr/m/n/10.95 (+20) Necessity-Driven
 []


Underfull \hbox (badness 10000) in paragraph at lines 43--43
\T1/lmr/m/n/10.95 (+20) En-trep-re-ne-u-ri-al
 []


Underfull \hbox (badness 10000) in paragraph at lines 45--45
\T1/lmr/m/n/10.95 (+20) ness Owner-ship
 []


Underfull \hbox (badness 10000) in paragraph at lines 47--47
\T1/lmr/m/n/10.95 (+20) En-trep-re-ne-u-ri-al
 []


Underfull \hbox (badness 10000) in paragraph at lines 49--49
[]|\T1/lmr/m/n/10.95 (+20) New Bu-si-ness
 []


Underfull \hbox (badness 1762) in paragraph at lines 53--53
[]|\T1/lmr/m/n/10.95 (+20) Media At-ten-tion
 []


Underfull \hbox (badness 4505) in paragraph at lines 55--55
[]|\T1/lmr/m/n/10.95 (+20) High sta-tus su-
 []


Underfull \hbox (badness 10000) in paragraph at lines 57--57
[]|\T1/lmr/m/n/10.95 (+20) Entrepreneurship
 []

[6 <D:/Vanessa/Data/SMT 8/SKRIPSICOY/Template Skripsi FTIS-versibaru/GEM2016-wi
rausaha.png>] <umurPC2013.png, id=544, 438.8897pt x 243.91125pt>
File: umurPC2013.png Graphic file (type png)

<use umurPC2013.png>
Package pdftex.def Info: umurPC2013.png used on input line 72.
(pdftex.def)             Requested size: 398.34554pt x 199.17111pt.
 [7]
<pendidikanPC2013.png, id=551, 594.72188pt x 264.99pt>
File: pendidikanPC2013.png Graphic file (type png)

<use pendidikanPC2013.png>
Package pdftex.def Info: pendidikanPC2013.png used on input line 81.
(pdftex.def)             Requested size: 398.33455pt x 199.17061pt.

<pendapatanPC2013.png, id=553, 441.90094pt x 262.73157pt>
File: pendapatanPC2013.png Graphic file (type png)

<use pendapatanPC2013.png>
Package pdftex.def Info: pendapatanPC2013.png used on input line 90.
(pdftex.def)             Requested size: 312.99666pt x 170.72136pt.
 [8 <D:/Vanessa/Data/SMT 8/SKRIPSICOY/Template Skripsi FTIS-versibaru/umurPC201
3.png> <D:/Vanessa/Data/SMT 8/SKRIPSICOY/Template Skripsi FTIS-versibaru/pendid
ikanPC2013.png>]
<lokasiPC2013.png, id=561, 542.025pt x 478.78876pt>
File: lokasiPC2013.png Graphic file (type png)
 <use lokasiPC2013.png>
Package pdftex.def Info: lokasiPC2013.png used on input line 101.
(pdftex.def)             Requested size: 312.99352pt x 256.07274pt.

<umurRM2013.png, id=563, 329.73187pt x 189.70876pt>
File: umurRM2013.png Graphic file (type png)
 <use umurRM2013.png>
Package pdftex.def Info: umurRM2013.png used on input line 111.
(pdftex.def)             Requested size: 341.4439pt x 199.17401pt.

[9 <D:/Vanessa/Data/SMT 8/SKRIPSICOY/Template Skripsi FTIS-versibaru/pendapatan
PC2013.png> <D:/Vanessa/Data/SMT 8/SKRIPSICOY/Template Skripsi FTIS-versibaru/l
okasiPC2013.png>] <pendapatanRM2013.png, id=572, 382.42876pt x 215.30438pt>
File: pendapatanRM2013.png Graphic file (type png)

<use pendapatanRM2013.png>
Package pdftex.def Info: pendapatanRM2013.png used on input line 122.
(pdftex.def)             Requested size: 369.90506pt x 199.17314pt.
 <umurPO2013.png, id=574, 480.29437pt x 221.32687pt>
File: umurPO2013.png Graphic file (type png)

<use umurPO2013.png>
Package pdftex.def Info: umurPO2013.png used on input line 132.
(pdftex.def)             Requested size: 341.43645pt x 170.72614pt.
 [10 <D:/Vanessa/Data/SMT 8/SKRIPSICOY/Template Skripsi FTIS-versibaru/umurRM20
13.png> <D:/Vanessa/Data/SMT 8/SKRIPSICOY/Template Skripsi FTIS-versibaru/penda
patanRM2013.png>]
<pendidikanPO2013.png, id=582, 516.42938pt x 261.22594pt>
File: pendidikanPO2013.png Graphic file (type png)

<use pendidikanPO2013.png>
Package pdftex.def Info: pendidikanPO2013.png used on input line 141.
(pdftex.def)             Requested size: 398.35318pt x 170.71957pt.

<lokasiPO2013.png, id=584, 510.40688pt x 380.92313pt>
File: lokasiPO2013.png Graphic file (type png)
 <use lokasiPO2013.png>
Package pdftex.def Info: lokasiPO2013.png used on input line 150.
(pdftex.def)             Requested size: 369.907pt x 227.61983pt.

[11 <D:/Vanessa/Data/SMT 8/SKRIPSICOY/Template Skripsi FTIS-versibaru/umurPO201
3.png> <D:/Vanessa/Data/SMT 8/SKRIPSICOY/Template Skripsi FTIS-versibaru/pendid
ikanPO2013.png>] <pendapatanPO2013.png, id=592, 529.22719pt x 252.945pt>
File: pendapatanPO2013.png Graphic file (type png)

<use pendapatanPO2013.png>
Package pdftex.def Info: pendapatanPO2013.png used on input line 159.
(pdftex.def)             Requested size: 369.88315pt x 170.71892pt.
 <usiaFF2013.png, id=594, 405.01312pt x 211.54031pt>
File: usiaFF2013.png Graphic file (type png)

<use usiaFF2013.png>
Package pdftex.def Info: usiaFF2013.png used on input line 168.
(pdftex.def)             Requested size: 369.8912pt x 170.72049pt.
 [12 <D:/Vanessa/Data/SMT 8/SKRIPSICOY/Template Skripsi FTIS-versibaru/lokasiPO
2013.png> <D:/Vanessa/Data/SMT 8/SKRIPSICOY/Template Skripsi FTIS-versibaru/pen
dapatanPO2013.png>]
<pendidikanFF2013.png, id=602, 391.4625pt x 207.77625pt>
File: pendidikanFF2013.png Graphic file (type png)

<use pendidikanFF2013.png>
Package pdftex.def Info: pendidikanFF2013.png used on input line 177.
(pdftex.def)             Requested size: 369.90414pt x 170.72319pt.

<lokasiFF2013.png, id=604, 353.06906pt x 482.55281pt>
File: lokasiFF2013.png Graphic file (type png)
 <use lokasiFF2013.png>
Package pdftex.def Info: lokasiFF2013.png used on input line 186.
(pdftex.def)             Requested size: 341.4368pt x 398.35396pt.

[13 <D:/Vanessa/Data/SMT 8/SKRIPSICOY/Template Skripsi FTIS-versibaru/usiaFF201
3.png> <D:/Vanessa/Data/SMT 8/SKRIPSICOY/Template Skripsi FTIS-versibaru/pendid
ikanFF2013.png>] <umurHS2013.png, id=612, 374.90062pt x 172.39406pt>
File: umurHS2013.png Graphic file (type png)

<use umurHS2013.png>
Package pdftex.def Info: umurHS2013.png used on input line 195.
(pdftex.def)             Requested size: 398.35953pt x 170.71799pt.
 [14 <D:/Vanessa/Data/SMT 8/SKRIPSICOY/Template Skripsi FTIS-versibaru/lokasiFF
2013.png> <D:/Vanessa/Data/SMT 8/SKRIPSICOY/Template Skripsi FTIS-versibaru/umu
rHS2013.png>]
<pendidikanHS2013.png, id=620, 359.84438pt x 166.37157pt>
File: pendidikanHS2013.png Graphic file (type png)

<use pendidikanHS2013.png>
Package pdftex.def Info: pendidikanHS2013.png used on input line 204.
(pdftex.def)             Requested size: 227.63109pt x 113.8115pt.

<lokasiHS2013.png, id=622, 472.76625pt x 451.6875pt>
File: lokasiHS2013.png Graphic file (type png)
 <use lokasiHS2013.png>
Package pdftex.def Info: lokasiHS2013.png used on input line 213.
(pdftex.def)             Requested size: 256.07628pt x 369.90369pt.

<pendapatanHS2013.png, id=624, 395.97937pt x 271.0125pt>
File: pendapatanHS2013.png Graphic file (type png)

<use pendapatanHS2013.png>
Package pdftex.def Info: pendapatanHS2013.png used on input line 222.
(pdftex.def)             Requested size: 312.98341pt x 170.72223pt.
 [15 <D:/Vanessa/Data/SMT 8/SKRIPSICOY/Template Skripsi FTIS-versibaru/pendidik
anHS2013.png> <D:/Vanessa/Data/SMT 8/SKRIPSICOY/Template Skripsi FTIS-versibaru
/lokasiHS2013.png>]
<lokasiPMA2013.png, id=633, 462.22687pt x 466.74374pt>
File: lokasiPMA2013.png Graphic file (type png)
 <use lokasiPMA2013.png>
Package pdftex.def Info: lokasiPMA2013.png used on input line 232.
(pdftex.def)             Requested size: 341.43597pt x 256.08311pt.

<pendapatanPMA2013.png, id=635, 430.60875pt x 289.08pt>
File: pendapatanPMA2013.png Graphic file (type png)

<use pendapatanPMA2013.png>
Package pdftex.def Info: pendapatanPMA2013.png used on input line 241.
(pdftex.def)             Requested size: 341.43872pt x 199.16986pt.
 [16 <D:/Vanessa/Data/SMT 8/SKRIPSICOY/Template Skripsi FTIS-versibaru/pendapat
anHS2013.png> <D:/Vanessa/Data/SMT 8/SKRIPSICOY/Template Skripsi FTIS-versibaru
/lokasiPMA2013.png>]
<CA1D.png, id=644, 157.33781pt x 54.2025pt>
File: CA1D.png Graphic file (type png)
 <use CA1D.png>
Package pdftex.def Info: CA1D.png used on input line 259.
(pdftex.def)             Requested size: 113.8113pt x 56.90851pt.

<wolfram.png, id=646, 384.6872pt x 38.39343pt>
File: wolfram.png Graphic file (type png)
 <use wolfram.png>
Package pdftex.def Info: wolfram.png used on input line 269.
(pdftex.def)             Requested size: 284.54666pt x 56.90924pt.
 [17 <D:/Vanessa/Data/SMT 8/SKRIPSICOY/Template Skripsi FTIS-versibaru/pendapat
anPMA2013.png> <D:/Vanessa/Data/SMT 8/SKRIPSICOY/Template Skripsi FTIS-versibar
u/CA1D.png>]
<penerapanwolfram.png, id=657, 357.58594pt x 158.84344pt>
File: penerapanwolfram.png Graphic file (type png)

<use penerapanwolfram.png>
Package pdftex.def Info: penerapanwolfram.png used on input line 280.
(pdftex.def)             Requested size: 284.54135pt x 170.73155pt.
 <CA2D.png, id=658, 140.77594pt x 127.97812pt>
File: CA2D.png Graphic file (type png)

<use CA2D.png>
Package pdftex.def Info: CA2D.png used on input line 289.
(pdftex.def)             Requested size: 113.81091pt x 56.90419pt.
 <conway.png, id=660, 403.5075pt x 246.9225pt>
File: conway.png Graphic file (type png)
 <use conway.png>
Package pdftex.def Info: conway.png used on input line 299.
(pdftex.def)             Requested size: 341.43758pt x 227.6198pt.

[18 <D:/Vanessa/Data/SMT 8/SKRIPSICOY/Template Skripsi FTIS-versibaru/wolfram.p
ng> <D:/Vanessa/Data/SMT 8/SKRIPSICOY/Template Skripsi FTIS-versibaru/penerapan
wolfram.png> <D:/Vanessa/Data/SMT 8/SKRIPSICOY/Template Skripsi FTIS-versibaru/
CA2D.png>] <contohconway.png, id=670, 319.94531pt x 87.32625pt>
File: contohconway.png Graphic file (type png)

<use contohconway.png>
Package pdftex.def Info: contohconway.png used on input line 309.
(pdftex.def)             Requested size: 284.53073pt x 85.36327pt.
 <aplikasi1.png, id=671, 371.88937pt x 101.62968pt>
File: aplikasi1.png Graphic file (type png)

<use aplikasi1.png>
Package pdftex.def Info: aplikasi1.png used on input line 324.
(pdftex.def)             Requested size: 341.4444pt x 113.81516pt.
 [19 <D:/Vanessa/Data/SMT 8/SKRIPSICOY/Template Skripsi FTIS-versibaru/conway.p
ng> <D:/Vanessa/Data/SMT 8/SKRIPSICOY/Template Skripsi FTIS-versibaru/contohcon
way.png>] [20 <D:/Vanessa/Data/SMT 8/SKRIPSICOY/Template Skripsi FTIS-versibaru
/aplikasi1.png>]
LaTeX Font Info:    Try loading font information for OMS+lmr on input line 382.


("C:\Program Files\MiKTeX 2.9\tex\latex\lm\omslmr.fd"
File: omslmr.fd 2009/10/30 v1.6 Font defs for Latin Modern
)
LaTeX Font Info:    Font shape `OMS/lmr/m/n' in size <10.95> not available
(Font)              Font shape `OMS/lmsy/m/n' tried instead on input line 382.
 [21]
<tingkatwirausaha.png, id=713, 379.4175pt x 242.40562pt>
File: tingkatwirausaha.png Graphic file (type png)

<use tingkatwirausaha.png>
Package pdftex.def Info: tingkatwirausaha.png used on input line 397.
(pdftex.def)             Requested size: 256.07838pt x 142.2709pt.
 [22 <D:/Vanessa/Data/SMT 8/SKRIPSICOY/Template Skripsi FTIS-versibaru/tingkatw
irausaha.png>]
<graf5.png, id=720, 441.14813pt x 173.89969pt>
File: graf5.png Graphic file (type png)
 <use graf5.png>
Package pdftex.def Info: graf5.png used on input line 451.
(pdftex.def)             Requested size: 227.62126pt x 113.81091pt.

<adjacencylist.png, id=723, 261.22594pt x 225.09094pt>
File: adjacencylist.png Graphic file (type png)
 <use adjacencylist.png>
Package pdftex.def Info: adjacencylist.png used on input line 481.
(pdftex.def)             Requested size: 113.81172pt x 113.81255pt.

[23 <D:/Vanessa/Data/SMT 8/SKRIPSICOY/Template Skripsi FTIS-versibaru/graf5.png
>] <adjacencymatrix.png, id=737, 170.13562pt x 147.55125pt>
File: adjacencymatrix.png Graphic file (type png)

<use adjacencymatrix.png>
Package pdftex.def Info: adjacencymatrix.png used on input line 511.
(pdftex.def)             Requested size: 142.2717pt x 113.81293pt.
 <graf3.png, id=740, 161.10187pt x 140.77594pt>
File: graf3.png Graphic file (type png)

<use graf3.png>
Package pdftex.def Info: graf3.png used on input line 547.
(pdftex.def)             Requested size: 142.26909pt x 113.81091pt.
 [24 <D:/Vanessa/Data/SMT 8/SKRIPSICOY/Template Skripsi FTIS-versibaru/adjacenc
ylist.png> <D:/Vanessa/Data/SMT 8/SKRIPSICOY/Template Skripsi FTIS-versibaru/ad
jacencymatrix.png>]) [25 <D:/Vanessa/Data/SMT 8/SKRIPSICOY/Template Skripsi FTI
S-versibaru/graf3.png>]
("D:\Vanessa\Data\SMT 8\SKRIPSICOY\Template Skripsi FTIS-versibaru\Bab/bab3.tex
" [26



]
Bab 3.
File: tingkatwirausaha.png Graphic file (type png)
<use tingkatwirausaha.png>
Package pdftex.def Info: tingkatwirausaha.png used on input line 21.
(pdftex.def)             Requested size: 398.34802pt x 199.18076pt.
 [27] [28] [29]
<wirausahaAwal.jpg, id=807, 2138.99126pt x 1232.605pt>
File: wirausahaAwal.jpg Graphic file (type jpg)
 <use wirausahaAwal.jpg>
Package pdftex.def Info: wirausahaAwal.jpg used on input line 169.
(pdftex.def)             Requested size: 512.16078pt x 341.42186pt.

Overfull \hbox (42.69029pt too wide) in paragraph at lines 169--170
 [][] 
 []

[30]
Overfull \hbox (245.56178pt too wide) detected at line 180
[]\OML/lmm/m/it/10.95 CIdx[]\OT1/lmr/m/n/10.95 (\OML/lmm/m/it/10.95 t \OT1/lmr/
m/n/10.95 = 0) = 0\OML/lmm/m/it/10.95 :\OT1/lmr/m/n/10.95 5 \OMS/lmsy/m/n/10.95
  \OT1/lmr/m/n/10.95 ((15\OML/lmm/m/it/10.95 :\OT1/lmr/m/n/10.95 8 \OMS/lmsy/m
/n/10.95  \OT1/lmr/m/n/10.95 0\OML/lmm/m/it/10.95 :\OT1/lmr/m/n/10.95 47) + (1
5\OML/lmm/m/it/10.95 :\OT1/lmr/m/n/10.95 1 \OMS/lmsy/m/n/10.95  \OT1/lmr/m/n/1
0.95 0\OML/lmm/m/it/10.95 :\OT1/lmr/m/n/10.95 62) + (17\OML/lmm/m/it/10.95 :\OT
1/lmr/m/n/10.95 1 \OMS/lmsy/m/n/10.95  \OT1/lmr/m/n/10.95 0\OML/lmm/m/it/10.95
 :\OT1/lmr/m/n/10.95 67) + (17 \OMS/lmsy/m/n/10.95  \OT1/lmr/m/n/10.95 0\OML/l
mm/m/it/10.95 :\OT1/lmr/m/n/10.95 8) + (19\OML/lmm/m/it/10.95 :\OT1/lmr/m/n/10.
95 5 \OMS/lmsy/m/n/10.95  \OT1/lmr/m/n/10.95 0\OML/lmm/m/it/10.95 :\OT1/lmr/m/
n/10.95 35)) + 0\OML/lmm/m/it/10.95 :\OT1/lmr/m/n/10.95 4 \OMS/lmsy/m/n/10.95 
 \OT1/lmr/m/n/10.95 (([] \OMS/lmsy/m/n/10.95  \OT1/lmr/m/n/10.95 0\OML/lmm/m/i
t/10.95 :\OT1/lmr/m/n/10.95 2) + 0 + 0) + 0\OML/lmm/m/it/10.95 :\OT1/lmr/m/n/10
.95 1 \OMS/lmsy/m/n/10.95  \OT1/lmr/m/n/10.95 ((3\OML/lmm/m/it/10.95 :\OT1/lmr
/m/n/10.95 06 \OMS/lmsy/m/n/10.95  \OT1/lmr/m/n/10.95 0\OML/lmm/m/it/10.95 :\O
T1/lmr/m/n/10.95 4) + (3\OML/lmm/m/it/10.95 :\OT1/lmr/m/n/10.95 29 \OMS/lmsy/m/
n/10.95  \OT1/lmr/m/n/10.95 0\OML/lmm/m/it/10.95 :\OT1/lmr/m/n/10.95 6)) = 24\
OML/lmm/m/it/10.95 :\OT1/lmr/m/n/10.95 6948[]
 []


Overfull \hbox (364.08786pt too wide) detected at line 184
[]\OML/lmm/m/it/10.95 CIdx[]\OT1/lmr/m/n/10.95 (\OML/lmm/m/it/10.95 t \OT1/lmr/
m/n/10.95 = 0) = 0\OML/lmm/m/it/10.95 :\OT1/lmr/m/n/10.95 5 \OMS/lmsy/m/n/10.95
  \OT1/lmr/m/n/10.95 ((28\OML/lmm/m/it/10.95 :\OT1/lmr/m/n/10.95 4 \OMS/lmsy/m
/n/10.95  \OT1/lmr/m/n/10.95 0\OML/lmm/m/it/10.95 :\OT1/lmr/m/n/10.95 47) + (2
8\OML/lmm/m/it/10.95 :\OT1/lmr/m/n/10.95 2 \OMS/lmsy/m/n/10.95  \OT1/lmr/m/n/1
0.95 0\OML/lmm/m/it/10.95 :\OT1/lmr/m/n/10.95 62) + (26\OML/lmm/m/it/10.95 :\OT
1/lmr/m/n/10.95 8 \OMS/lmsy/m/n/10.95  \OT1/lmr/m/n/10.95 0\OML/lmm/m/it/10.95
 :\OT1/lmr/m/n/10.95 67) + (26 \OMS/lmsy/m/n/10.95  \OT1/lmr/m/n/10.95 0\OML/l
mm/m/it/10.95 :\OT1/lmr/m/n/10.95 8) + (23\OML/lmm/m/it/10.95 :\OT1/lmr/m/n/10.
95 5 \OMS/lmsy/m/n/10.95  \OT1/lmr/m/n/10.95 0\OML/lmm/m/it/10.95 :\OT1/lmr/m/
n/10.95 35)) + 0\OML/lmm/m/it/10.95 :\OT1/lmr/m/n/10.95 4 \OMS/lmsy/m/n/10.95 
 \OT1/lmr/m/n/10.95 (([] \OMS/lmsy/m/n/10.95  \OT1/lmr/m/n/10.95 0\OML/lmm/m/i
t/10.95 :\OT1/lmr/m/n/10.95 2) + ([] \OMS/lmsy/m/n/10.95  \OT1/lmr/m/n/10.95 0
\OML/lmm/m/it/10.95 :\OT1/lmr/m/n/10.95 4) + ([] \OMS/lmsy/m/n/10.95  \OT1/lmr
/m/n/10.95 0\OML/lmm/m/it/10.95 :\OT1/lmr/m/n/10.95 4)) + ([] \OMS/lmsy/m/n/10.
95  \OT1/lmr/m/n/10.95 0\OML/lmm/m/it/10.95 :\OT1/lmr/m/n/10.95 4)) + 0\OML/lm
m/m/it/10.95 :\OT1/lmr/m/n/10.95 1 \OMS/lmsy/m/n/10.95  \OT1/lmr/m/n/10.95 ((3
\OML/lmm/m/it/10.95 :\OT1/lmr/m/n/10.95 06 \OMS/lmsy/m/n/10.95  \OT1/lmr/m/n/1
0.95 0\OML/lmm/m/it/10.95 :\OT1/lmr/m/n/10.95 4) + (3\OML/lmm/m/it/10.95 :\OT1/
lmr/m/n/10.95 29 \OMS/lmsy/m/n/10.95  \OT1/lmr/m/n/10.95 0\OML/lmm/m/it/10.95 
:\OT1/lmr/m/n/10.95 6)) = 39\OML/lmm/m/it/10.95 :\OT1/lmr/m/n/10.95 4263[]
 []


Overfull \hbox (278.98703pt too wide) detected at line 188
[]\OML/lmm/m/it/10.95 CIdx[]\OT1/lmr/m/n/10.95 (\OML/lmm/m/it/10.95 t \OT1/lmr/
m/n/10.95 = 0) = 0\OML/lmm/m/it/10.95 :\OT1/lmr/m/n/10.95 5 \OMS/lmsy/m/n/10.95
  \OT1/lmr/m/n/10.95 ((28\OML/lmm/m/it/10.95 :\OT1/lmr/m/n/10.95 4 \OMS/lmsy/m
/n/10.95  \OT1/lmr/m/n/10.95 0\OML/lmm/m/it/10.95 :\OT1/lmr/m/n/10.95 47) + (2
8\OML/lmm/m/it/10.95 :\OT1/lmr/m/n/10.95 2 \OMS/lmsy/m/n/10.95  \OT1/lmr/m/n/1
0.95 0\OML/lmm/m/it/10.95 :\OT1/lmr/m/n/10.95 62) + (26\OML/lmm/m/it/10.95 :\OT
1/lmr/m/n/10.95 8 \OMS/lmsy/m/n/10.95  \OT1/lmr/m/n/10.95 0\OML/lmm/m/it/10.95
 :\OT1/lmr/m/n/10.95 67) + (26 \OMS/lmsy/m/n/10.95  \OT1/lmr/m/n/10.95 0\OML/l
mm/m/it/10.95 :\OT1/lmr/m/n/10.95 8) + (23\OML/lmm/m/it/10.95 :\OT1/lmr/m/n/10.
95 5 \OMS/lmsy/m/n/10.95  \OT1/lmr/m/n/10.95 0\OML/lmm/m/it/10.95 :\OT1/lmr/m/
n/10.95 35)) + 0\OML/lmm/m/it/10.95 :\OT1/lmr/m/n/10.95 4 \OMS/lmsy/m/n/10.95 
 \OT1/lmr/m/n/10.95 (0 + ([] \OMS/lmsy/m/n/10.95  \OT1/lmr/m/n/10.95 0\OML/lmm
/m/it/10.95 :\OT1/lmr/m/n/10.95 4) + ([] \OMS/lmsy/m/n/10.95  \OT1/lmr/m/n/10.
95 0\OML/lmm/m/it/10.95 :\OT1/lmr/m/n/10.95 4)) + 0\OML/lmm/m/it/10.95 :\OT1/lm
r/m/n/10.95 1 \OMS/lmsy/m/n/10.95  \OT1/lmr/m/n/10.95 ((3\OML/lmm/m/it/10.95 :
\OT1/lmr/m/n/10.95 06 \OMS/lmsy/m/n/10.95  \OT1/lmr/m/n/10.95 0\OML/lmm/m/it/1
0.95 :\OT1/lmr/m/n/10.95 4) + (3\OML/lmm/m/it/10.95 :\OT1/lmr/m/n/10.95 29 \OMS
/lmsy/m/n/10.95  \OT1/lmr/m/n/10.95 0\OML/lmm/m/it/10.95 :\OT1/lmr/m/n/10.95 6
)) = 39\OML/lmm/m/it/10.95 :\OT1/lmr/m/n/10.95 3863[]
 []

<wirausaha(t=0).jpg, id=812, 2138.99126pt x 1232.605pt>
File: wirausaha(t=0).jpg Graphic file (type jpg)

<use wirausaha(t=0).jpg>
Package pdftex.def Info: wirausaha(t=0).jpg used on input line 192.
(pdftex.def)             Requested size: 512.16078pt x 341.42186pt.

Overfull \hbox (42.69029pt too wide) in paragraph at lines 192--193
 [][] 
 []

[31 <D:/Vanessa/Data/SMT 8/SKRIPSICOY/Template Skripsi FTIS-versibaru/wirausaha
Awal.jpg>]
Overfull \hbox (245.56178pt too wide) detected at line 201
[]\OML/lmm/m/it/10.95 CIdx[]\OT1/lmr/m/n/10.95 (\OML/lmm/m/it/10.95 t \OT1/lmr/
m/n/10.95 = 1) = 0\OML/lmm/m/it/10.95 :\OT1/lmr/m/n/10.95 5 \OMS/lmsy/m/n/10.95
  \OT1/lmr/m/n/10.95 ((15\OML/lmm/m/it/10.95 :\OT1/lmr/m/n/10.95 8 \OMS/lmsy/m
/n/10.95  \OT1/lmr/m/n/10.95 0\OML/lmm/m/it/10.95 :\OT1/lmr/m/n/10.95 47) + (1
5\OML/lmm/m/it/10.95 :\OT1/lmr/m/n/10.95 1 \OMS/lmsy/m/n/10.95  \OT1/lmr/m/n/1
0.95 0\OML/lmm/m/it/10.95 :\OT1/lmr/m/n/10.95 62) + (17\OML/lmm/m/it/10.95 :\OT
1/lmr/m/n/10.95 1 \OMS/lmsy/m/n/10.95  \OT1/lmr/m/n/10.95 0\OML/lmm/m/it/10.95
 :\OT1/lmr/m/n/10.95 67) + (17 \OMS/lmsy/m/n/10.95  \OT1/lmr/m/n/10.95 0\OML/l
mm/m/it/10.95 :\OT1/lmr/m/n/10.95 8) + (19\OML/lmm/m/it/10.95 :\OT1/lmr/m/n/10.
95 5 \OMS/lmsy/m/n/10.95  \OT1/lmr/m/n/10.95 0\OML/lmm/m/it/10.95 :\OT1/lmr/m/
n/10.95 35)) + 0\OML/lmm/m/it/10.95 :\OT1/lmr/m/n/10.95 4 \OMS/lmsy/m/n/10.95 
 \OT1/lmr/m/n/10.95 (([] \OMS/lmsy/m/n/10.95  \OT1/lmr/m/n/10.95 0\OML/lmm/m/i
t/10.95 :\OT1/lmr/m/n/10.95 2) + 0 + 0) + 0\OML/lmm/m/it/10.95 :\OT1/lmr/m/n/10
.95 1 \OMS/lmsy/m/n/10.95  \OT1/lmr/m/n/10.95 ((3\OML/lmm/m/it/10.95 :\OT1/lmr
/m/n/10.95 06 \OMS/lmsy/m/n/10.95  \OT1/lmr/m/n/10.95 0\OML/lmm/m/it/10.95 :\O
T1/lmr/m/n/10.95 4) + (3\OML/lmm/m/it/10.95 :\OT1/lmr/m/n/10.95 29 \OMS/lmsy/m/
n/10.95  \OT1/lmr/m/n/10.95 0\OML/lmm/m/it/10.95 :\OT1/lmr/m/n/10.95 6)) = 24\
OML/lmm/m/it/10.95 :\OT1/lmr/m/n/10.95 6948[]
 []


Overfull \hbox (278.98703pt too wide) detected at line 205
[]\OML/lmm/m/it/10.95 CIdx[]\OT1/lmr/m/n/10.95 (\OML/lmm/m/it/10.95 t \OT1/lmr/
m/n/10.95 = 1) = 0\OML/lmm/m/it/10.95 :\OT1/lmr/m/n/10.95 5 \OMS/lmsy/m/n/10.95
  \OT1/lmr/m/n/10.95 ((28\OML/lmm/m/it/10.95 :\OT1/lmr/m/n/10.95 4 \OMS/lmsy/m
/n/10.95  \OT1/lmr/m/n/10.95 0\OML/lmm/m/it/10.95 :\OT1/lmr/m/n/10.95 47) + (2
8\OML/lmm/m/it/10.95 :\OT1/lmr/m/n/10.95 2 \OMS/lmsy/m/n/10.95  \OT1/lmr/m/n/1
0.95 0\OML/lmm/m/it/10.95 :\OT1/lmr/m/n/10.95 62) + (26\OML/lmm/m/it/10.95 :\OT
1/lmr/m/n/10.95 8 \OMS/lmsy/m/n/10.95  \OT1/lmr/m/n/10.95 0\OML/lmm/m/it/10.95
 :\OT1/lmr/m/n/10.95 67) + (26 \OMS/lmsy/m/n/10.95  \OT1/lmr/m/n/10.95 0\OML/l
mm/m/it/10.95 :\OT1/lmr/m/n/10.95 8) + (23\OML/lmm/m/it/10.95 :\OT1/lmr/m/n/10.
95 5 \OMS/lmsy/m/n/10.95  \OT1/lmr/m/n/10.95 0\OML/lmm/m/it/10.95 :\OT1/lmr/m/
n/10.95 35)) + 0\OML/lmm/m/it/10.95 :\OT1/lmr/m/n/10.95 4 \OMS/lmsy/m/n/10.95 
 \OT1/lmr/m/n/10.95 (([] \OMS/lmsy/m/n/10.95  \OT1/lmr/m/n/10.95 0\OML/lmm/m/i
t/10.95 :\OT1/lmr/m/n/10.95 2) + ([] \OMS/lmsy/m/n/10.95  \OT1/lmr/m/n/10.95 0
\OML/lmm/m/it/10.95 :\OT1/lmr/m/n/10.95 4) + 0) + 0\OML/lmm/m/it/10.95 :\OT1/lm
r/m/n/10.95 1 \OMS/lmsy/m/n/10.95  \OT1/lmr/m/n/10.95 ((3\OML/lmm/m/it/10.95 :
\OT1/lmr/m/n/10.95 06 \OMS/lmsy/m/n/10.95  \OT1/lmr/m/n/10.95 0\OML/lmm/m/it/1
0.95 :\OT1/lmr/m/n/10.95 4) + (3\OML/lmm/m/it/10.95 :\OT1/lmr/m/n/10.95 29 \OMS
/lmsy/m/n/10.95  \OT1/lmr/m/n/10.95 0\OML/lmm/m/it/10.95 :\OT1/lmr/m/n/10.95 6
)) = 39\OML/lmm/m/it/10.95 :\OT1/lmr/m/n/10.95 3463[]
 []


Overfull \hbox (245.56178pt too wide) detected at line 209
[]\OML/lmm/m/it/10.95 CIdx[]\OT1/lmr/m/n/10.95 (\OML/lmm/m/it/10.95 t \OT1/lmr/
m/n/10.95 = 1) = 0\OML/lmm/m/it/10.95 :\OT1/lmr/m/n/10.95 5 \OMS/lmsy/m/n/10.95
  \OT1/lmr/m/n/10.95 ((17\OML/lmm/m/it/10.95 :\OT1/lmr/m/n/10.95 7 \OMS/lmsy/m
/n/10.95  \OT1/lmr/m/n/10.95 0\OML/lmm/m/it/10.95 :\OT1/lmr/m/n/10.95 47) + (1
6\OML/lmm/m/it/10.95 :\OT1/lmr/m/n/10.95 1 \OMS/lmsy/m/n/10.95  \OT1/lmr/m/n/1
0.95 0\OML/lmm/m/it/10.95 :\OT1/lmr/m/n/10.95 62) + (17\OML/lmm/m/it/10.95 :\OT
1/lmr/m/n/10.95 6 \OMS/lmsy/m/n/10.95  \OT1/lmr/m/n/10.95 0\OML/lmm/m/it/10.95
 :\OT1/lmr/m/n/10.95 67) + (17 \OMS/lmsy/m/n/10.95  \OT1/lmr/m/n/10.95 0\OML/l
mm/m/it/10.95 :\OT1/lmr/m/n/10.95 8) + (16\OML/lmm/m/it/10.95 :\OT1/lmr/m/n/10.
95 4 \OMS/lmsy/m/n/10.95  \OT1/lmr/m/n/10.95 0\OML/lmm/m/it/10.95 :\OT1/lmr/m/
n/10.95 35)) + 0\OML/lmm/m/it/10.95 :\OT1/lmr/m/n/10.95 4 \OMS/lmsy/m/n/10.95 
 \OT1/lmr/m/n/10.95 (0 + ([] \OMS/lmsy/m/n/10.95  \OT1/lmr/m/n/10.95 0\OML/lmm
/m/it/10.95 :\OT1/lmr/m/n/10.95 4) + 0) + 0\OML/lmm/m/it/10.95 :\OT1/lmr/m/n/10
.95 1 \OMS/lmsy/m/n/10.95  \OT1/lmr/m/n/10.95 ((3\OML/lmm/m/it/10.95 :\OT1/lmr
/m/n/10.95 06 \OMS/lmsy/m/n/10.95  \OT1/lmr/m/n/10.95 0\OML/lmm/m/it/10.95 :\O
T1/lmr/m/n/10.95 4) + (3\OML/lmm/m/it/10.95 :\OT1/lmr/m/n/10.95 29 \OMS/lmsy/m/
n/10.95  \OT1/lmr/m/n/10.95 0\OML/lmm/m/it/10.95 :\OT1/lmr/m/n/10.95 6)) = 25\
OML/lmm/m/it/10.95 :\OT1/lmr/m/n/10.95 1163[]
 []

<wirausaha(t=1).png, id=820, 2138.99126pt x 1232.605pt>
File: wirausaha(t=1).png Graphic file (type png)

<use wirausaha(t=1).png>
Package pdftex.def Info: wirausaha(t=1).png used on input line 213.
(pdftex.def)             Requested size: 512.16078pt x 341.42186pt.

Overfull \hbox (42.69029pt too wide) in paragraph at lines 213--214
 [][] 
 []

[32 <D:/Vanessa/Data/SMT 8/SKRIPSICOY/Template Skripsi FTIS-versibaru/wirausaha
(t=0).jpg>]
Overfull \hbox (304.57057pt too wide) detected at line 223
[]\OML/lmm/m/it/10.95 CIdx[]\OT1/lmr/m/n/10.95 (\OML/lmm/m/it/10.95 t \OT1/lmr/
m/n/10.95 = 2) = 0\OML/lmm/m/it/10.95 :\OT1/lmr/m/n/10.95 5 \OMS/lmsy/m/n/10.95
  \OT1/lmr/m/n/10.95 ((15\OML/lmm/m/it/10.95 :\OT1/lmr/m/n/10.95 8 \OMS/lmsy/m
/n/10.95  \OT1/lmr/m/n/10.95 0\OML/lmm/m/it/10.95 :\OT1/lmr/m/n/10.95 47) + (1
5\OML/lmm/m/it/10.95 :\OT1/lmr/m/n/10.95 1 \OMS/lmsy/m/n/10.95  \OT1/lmr/m/n/1
0.95 0\OML/lmm/m/it/10.95 :\OT1/lmr/m/n/10.95 62) + (17\OML/lmm/m/it/10.95 :\OT
1/lmr/m/n/10.95 1 \OMS/lmsy/m/n/10.95  \OT1/lmr/m/n/10.95 0\OML/lmm/m/it/10.95
 :\OT1/lmr/m/n/10.95 67) + (17 \OMS/lmsy/m/n/10.95  \OT1/lmr/m/n/10.95 0\OML/l
mm/m/it/10.95 :\OT1/lmr/m/n/10.95 8) + (19\OML/lmm/m/it/10.95 :\OT1/lmr/m/n/10.
95 5 \OMS/lmsy/m/n/10.95  \OT1/lmr/m/n/10.95 0\OML/lmm/m/it/10.95 :\OT1/lmr/m/
n/10.95 35)) + 0\OML/lmm/m/it/10.95 :\OT1/lmr/m/n/10.95 4 \OMS/lmsy/m/n/10.95 
 \OT1/lmr/m/n/10.95 (([] \OMS/lmsy/m/n/10.95  \OT1/lmr/m/n/10.95 0\OML/lmm/m/i
t/10.95 :\OT1/lmr/m/n/10.95 2) + 0 + 0) + 0\OML/lmm/m/it/10.95 :\OT1/lmr/m/n/10
.95 1 \OMS/lmsy/m/n/10.95  \OT1/lmr/m/n/10.95 ((3\OML/lmm/m/it/10.95 :\OT1/lmr
/m/n/10.95 06 \OMS/lmsy/m/n/10.95  \OT1/lmr/m/n/10.95 0\OML/lmm/m/it/10.95 :\O
T1/lmr/m/n/10.95 2) + (3\OML/lmm/m/it/10.95 :\OT1/lmr/m/n/10.95 29 \OMS/lmsy/m/
n/10.95  \OT1/lmr/m/n/10.95 0\OML/lmm/m/it/10.95 :\OT1/lmr/m/n/10.95 4) + (3\O
ML/lmm/m/it/10.95 :\OT1/lmr/m/n/10.95 45 \OMS/lmsy/m/n/10.95  \OT1/lmr/m/n/10.
95 0\OML/lmm/m/it/10.95 :\OT1/lmr/m/n/10.95 3)) = 25\OML/lmm/m/it/10.95 :\OT1/l
mr/m/n/10.95 7298[]
 []


Overfull \hbox (337.99582pt too wide) detected at line 227
[]\OML/lmm/m/it/10.95 CIdx[]\OT1/lmr/m/n/10.95 (\OML/lmm/m/it/10.95 t \OT1/lmr/
m/n/10.95 = 2) = 0\OML/lmm/m/it/10.95 :\OT1/lmr/m/n/10.95 5 \OMS/lmsy/m/n/10.95
  \OT1/lmr/m/n/10.95 ((28\OML/lmm/m/it/10.95 :\OT1/lmr/m/n/10.95 4 \OMS/lmsy/m
/n/10.95  \OT1/lmr/m/n/10.95 0\OML/lmm/m/it/10.95 :\OT1/lmr/m/n/10.95 47) + (2
8\OML/lmm/m/it/10.95 :\OT1/lmr/m/n/10.95 2 \OMS/lmsy/m/n/10.95  \OT1/lmr/m/n/1
0.95 0\OML/lmm/m/it/10.95 :\OT1/lmr/m/n/10.95 62) + (26\OML/lmm/m/it/10.95 :\OT
1/lmr/m/n/10.95 8 \OMS/lmsy/m/n/10.95  \OT1/lmr/m/n/10.95 0\OML/lmm/m/it/10.95
 :\OT1/lmr/m/n/10.95 67) + (26 \OMS/lmsy/m/n/10.95  \OT1/lmr/m/n/10.95 0\OML/l
mm/m/it/10.95 :\OT1/lmr/m/n/10.95 8) + (23\OML/lmm/m/it/10.95 :\OT1/lmr/m/n/10.
95 5 \OMS/lmsy/m/n/10.95  \OT1/lmr/m/n/10.95 0\OML/lmm/m/it/10.95 :\OT1/lmr/m/
n/10.95 35)) + 0\OML/lmm/m/it/10.95 :\OT1/lmr/m/n/10.95 4 \OMS/lmsy/m/n/10.95 
 \OT1/lmr/m/n/10.95 (([] \OMS/lmsy/m/n/10.95  \OT1/lmr/m/n/10.95 0\OML/lmm/m/i
t/10.95 :\OT1/lmr/m/n/10.95 2) + ([] \OMS/lmsy/m/n/10.95  \OT1/lmr/m/n/10.95 0
\OML/lmm/m/it/10.95 :\OT1/lmr/m/n/10.95 4) + 0) + 0\OML/lmm/m/it/10.95 :\OT1/lm
r/m/n/10.95 1 \OMS/lmsy/m/n/10.95  \OT1/lmr/m/n/10.95 ((3\OML/lmm/m/it/10.95 :
\OT1/lmr/m/n/10.95 06 \OMS/lmsy/m/n/10.95  \OT1/lmr/m/n/10.95 0\OML/lmm/m/it/1
0.95 :\OT1/lmr/m/n/10.95 4) + (3\OML/lmm/m/it/10.95 :\OT1/lmr/m/n/10.95 29 \OMS
/lmsy/m/n/10.95  \OT1/lmr/m/n/10.95 0\OML/lmm/m/it/10.95 :\OT1/lmr/m/n/10.95 6
) + (3\OML/lmm/m/it/10.95 :\OT1/lmr/m/n/10.95 45 \OMS/lmsy/m/n/10.95  \OT1/lmr
/m/n/10.95 0\OML/lmm/m/it/10.95 :\OT1/lmr/m/n/10.95 3)) = 40\OML/lmm/m/it/10.95
 :\OT1/lmr/m/n/10.95 3813[]
 []


Overfull \hbox (304.57057pt too wide) detected at line 231
[]\OML/lmm/m/it/10.95 CIdx[]\OT1/lmr/m/n/10.95 (\OML/lmm/m/it/10.95 t \OT1/lmr/
m/n/10.95 = 2) = 0\OML/lmm/m/it/10.95 :\OT1/lmr/m/n/10.95 5 \OMS/lmsy/m/n/10.95
  \OT1/lmr/m/n/10.95 ((17\OML/lmm/m/it/10.95 :\OT1/lmr/m/n/10.95 7 \OMS/lmsy/m
/n/10.95  \OT1/lmr/m/n/10.95 0\OML/lmm/m/it/10.95 :\OT1/lmr/m/n/10.95 47) + (1
6\OML/lmm/m/it/10.95 :\OT1/lmr/m/n/10.95 1 \OMS/lmsy/m/n/10.95  \OT1/lmr/m/n/1
0.95 0\OML/lmm/m/it/10.95 :\OT1/lmr/m/n/10.95 62) + (17\OML/lmm/m/it/10.95 :\OT
1/lmr/m/n/10.95 6 \OMS/lmsy/m/n/10.95  \OT1/lmr/m/n/10.95 0\OML/lmm/m/it/10.95
 :\OT1/lmr/m/n/10.95 67) + (17 \OMS/lmsy/m/n/10.95  \OT1/lmr/m/n/10.95 0\OML/l
mm/m/it/10.95 :\OT1/lmr/m/n/10.95 8) + (16\OML/lmm/m/it/10.95 :\OT1/lmr/m/n/10.
95 4 \OMS/lmsy/m/n/10.95  \OT1/lmr/m/n/10.95 0\OML/lmm/m/it/10.95 :\OT1/lmr/m/
n/10.95 35)) + 0\OML/lmm/m/it/10.95 :\OT1/lmr/m/n/10.95 4 \OMS/lmsy/m/n/10.95 
 \OT1/lmr/m/n/10.95 (0 + ([] \OMS/lmsy/m/n/10.95  \OT1/lmr/m/n/10.95 0\OML/lmm
/m/it/10.95 :\OT1/lmr/m/n/10.95 4) + 0) + 0\OML/lmm/m/it/10.95 :\OT1/lmr/m/n/10
.95 1 \OMS/lmsy/m/n/10.95  \OT1/lmr/m/n/10.95 ((3\OML/lmm/m/it/10.95 :\OT1/lmr
/m/n/10.95 06 \OMS/lmsy/m/n/10.95  \OT1/lmr/m/n/10.95 0\OML/lmm/m/it/10.95 :\O
T1/lmr/m/n/10.95 4) + (3\OML/lmm/m/it/10.95 :\OT1/lmr/m/n/10.95 29 \OMS/lmsy/m/
n/10.95  \OT1/lmr/m/n/10.95 0\OML/lmm/m/it/10.95 :\OT1/lmr/m/n/10.95 6) + (3\O
ML/lmm/m/it/10.95 :\OT1/lmr/m/n/10.95 45 \OMS/lmsy/m/n/10.95  \OT1/lmr/m/n/10.
95 0\OML/lmm/m/it/10.95 :\OT1/lmr/m/n/10.95 3)) = 26\OML/lmm/m/it/10.95 :\OT1/l
mr/m/n/10.95 1513[]
 []

File: wirausaha(t=1).png Graphic file (type png)
<use wirausaha(t=1).png>
Package pdftex.def Info: wirausaha(t=1).png used on input line 235.
(pdftex.def)             Requested size: 512.16078pt x 341.42186pt.

Overfull \hbox (42.69029pt too wide) in paragraph at lines 235--236
 [][] 
 []

[33 <D:/Vanessa/Data/SMT 8/SKRIPSICOY/Template Skripsi FTIS-versibaru/wirausaha
(t=1).png>] <ClassDiagram3.png, id=837, 2187.67313pt x 1187.18532pt>
File: ClassDiagram3.png Graphic file (type png)

<use ClassDiagram3.png>
Package pdftex.def Info: ClassDiagram3.png used on input line 252.
(pdftex.def)             Requested size: 512.13377pt x 341.43088pt.

Overfull \hbox (42.66328pt too wide) in paragraph at lines 252--253
 [][] 
 []

[34] [35 <D:/Vanessa/Data/SMT 8/SKRIPSICOY/Template Skripsi FTIS-versibaru/Clas
sDiagram3.png>]) [36]
("D:\Vanessa\Data\SMT 8\SKRIPSICOY\Template Skripsi FTIS-versibaru\Bab/bab4.tex
"
Bab 4.
File: ClassDiagram3.png Graphic file (type png)
<use ClassDiagram3.png>
Package pdftex.def Info: ClassDiagram3.png used on input line 14.
(pdftex.def)             Requested size: 512.13377pt x 341.43088pt.

Overfull \hbox (42.66328pt too wide) in paragraph at lines 14--16
 [][] 
 []

[37



] [38] [39]
<tampilanKondisiInternal.png, id=923, 328.97906pt x 387.69844pt>
File: tampilanKondisiInternal.png Graphic file (type png)

<use tampilanKondisiInternal.png>
Package pdftex.def Info: tampilanKondisiInternal.png used on input line 145.
(pdftex.def)             Requested size: 312.98514pt x 341.43596pt.
 [40]
<tampilanKondisiKetetanggaan.png, id=938, 360.59718pt x 432.11438pt>
File: tampilanKondisiKetetanggaan.png Graphic file (type png)

<use tampilanKondisiKetetanggaan.png>
Package pdftex.def Info: tampilanKondisiKetetanggaan.png used on input line 155
.
(pdftex.def)             Requested size: 312.9797pt x 341.44572pt.
 [41 <D:/Vanessa/Data/SMT 8/SKRIPSICOY/Template Skripsi FTIS-versibaru/tampilan
KondisiInternal.png>]
<tampilanKondisiEksternal.png, id=945, 432.11438pt x 545.78906pt>
File: tampilanKondisiEksternal.png Graphic file (type png)

<use tampilanKondisiEksternal.png>
Package pdftex.def Info: tampilanKondisiEksternal.png used on input line 165.
(pdftex.def)             Requested size: 312.98807pt x 369.88243pt.
 [42 <D:/Vanessa/Data/SMT 8/SKRIPSICOY/Template Skripsi FTIS-versibaru/tampilan
KondisiKetetanggaan.png>]
<tampilanData.png, id=951, 452.4403pt x 423.83344pt>
File: tampilanData.png Graphic file (type png)
 <use tampilanData.png>
Package pdftex.def Info: tampilanData.png used on input line 175.
(pdftex.def)             Requested size: 312.97807pt x 341.44711pt.

[43 <D:/Vanessa/Data/SMT 8/SKRIPSICOY/Template Skripsi FTIS-versibaru/tampilanK
ondisiEksternal.png>] <tampilanBukaFile.png, id=957, 373.395pt x 254.45062pt>
File: tampilanBukaFile.png Graphic file (type png)

<use tampilanBukaFile.png>
Package pdftex.def Info: tampilanBukaFile.png used on input line 182.
(pdftex.def)             Requested size: 312.99445pt x 256.08456pt.
 [44 <D:/Vanessa/Data/SMT 8/SKRIPSICOY/Template Skripsi FTIS-versibaru/tampilan
Data.png> <D:/Vanessa/Data/SMT 8/SKRIPSICOY/Template Skripsi FTIS-versibaru/tam
pilanBukaFile.png>]
<tampilanSimulasii.png, id=964, 375.65344pt x 162.6075pt>
File: tampilanSimulasii.png Graphic file (type png)

<use tampilanSimulasii.png>
Package pdftex.def Info: tampilanSimulasii.png used on input line 192.
(pdftex.def)             Requested size: 313.00172pt x 199.18475pt.
) [45 <D:/Vanessa/Data/SMT 8/SKRIPSICOY/Template Skripsi FTIS-versibaru/tampila
nSimulasii.png>]
("D:\Vanessa\Data\SMT 8\SKRIPSICOY\Template Skripsi FTIS-versibaru\skripsi.bbl"
[46


]
Underfull \hbox (badness 4479) in paragraph at lines 22--27
[]\T1/lmr/m/n/10.95 (+20) Fery Agus Pri-a-na (2012) Pe-nger-ti-an dan de-fi-ni-
si wi-ra-u-sa-ha me-nu-rut pa-ra ah-li.
 []


Underfull \hbox (badness 3623) in paragraph at lines 57--62
[]\T1/lmr/m/n/10.95 (+20) Bramantiyo Mar-ju-ki (2016) How Wi-ll Dha-ka Grow Spa
-ti-a-lly In Fu-tu-re? Mo-
 []


Underfull \hbox (badness 6859) in paragraph at lines 57--62
\T1/lmr/m/n/10.95 (+20) de-lling Its Urb-an Grow-th Wi-th A Near-Future Plan-ni
ng Sce-na-rio Per-s-pe-cti-ve.
 []


Underfull \hbox (badness 10000) in paragraph at lines 57--62
\T1/lmr/m/n/10.95 (+6) https://www.slideshare.net/bramantiyomarjuki/a-translati
on-paper-about-cellular-automata.
 []


Overfull \hbox (22.23317pt too wide) in paragraph at lines 69--72
[]\T1/lmr/m/n/10.95 (-20) Wisnu Su-ho-ko (2011) Struk-tur Da-ta Graf.  https://
wisnusuhoko.wordpress.com/2011/01/16/struktur-
 []

) [47]
("D:\Vanessa\Data\SMT 8\SKRIPSICOY\Template Skripsi FTIS-versibaru\Lampiran/lam
pA.tex" [48


]
Lampiran A.
("C:\Program Files\MiKTeX 2.9\tex\latex\listings\lstlang1.sty"
File: lstlang1.sty 2015/06/04 1.6 listings language file
)
Package hyperref Info: bookmark level for unknown lstlisting defaults to 0 on i
nput line 18.
LaTeX Font Info:    Try loading font information for T1+fvm on input line 18.

("C:\Program Files\MiKTeX 2.9\tex\latex\bera\t1fvm.fd"
File: t1fvm.fd 2004/09/07 scalable font definitions for T1/fvm.
)
Package microtype Info: Loading generic protrusion settings for font family
(microtype)             `fvm' (encoding: T1).
(microtype)             For optimal results, create family-specific settings.
(microtype)             See the microtype manual for details.
LaTeX Font Info:    Font shape `T1/fvm/m/it' in size <6> not available
(Font)              Font shape `T1/fvm/m/sl' tried instead on input line 20.
LaTeX Font Info:    Font shape `T1/fvm/bx/n' in size <6> not available
(Font)              Font shape `T1/fvm/b/n' tried instead on input line 25.
LaTeX Font Info:    Try loading font information for OMS+fvm on input line 25.
LaTeX Font Info:    No file OMSfvm.fd. on input line 25.


LaTeX Font Warning: Font shape `OMS/fvm/m/n' undefined
(Font)              using `OMS/cmsy/m/n' instead
(Font)              for symbol `textasteriskcentered' on input line 25.


("D:\Vanessa\Data\SMT 8\SKRIPSICOY\Template Skripsi FTIS-versibaru\Lampiran\MyC
ode.java"

LaTeX Font Warning: Font shape `OMS/fvm/m/it' undefined
(Font)              using `OMS/fvm/m/n' instead
(Font)              for symbol `textasteriskcentered' on input line 15.

)) [49]
("D:\Vanessa\Data\SMT 8\SKRIPSICOY\Template Skripsi FTIS-versibaru\Lampiran/lam
pB.tex" [50



]
Lampiran B.
) [51]
Package atveryend Info: Empty hook `BeforeClearDocument' on input line 438.
Package atveryend Info: Empty hook `AfterLastShipout' on input line 438.

("D:\Vanessa\Data\SMT 8\SKRIPSICOY\Template Skripsi FTIS-versibaru\skripsi.aux"
("D:\Vanessa\Data\SMT 8\SKRIPSICOY\Template Skripsi FTIS-versibaru\Bab/bab1.aux
")
("D:\Vanessa\Data\SMT 8\SKRIPSICOY\Template Skripsi FTIS-versibaru\Bab/bab2.aux
")
("D:\Vanessa\Data\SMT 8\SKRIPSICOY\Template Skripsi FTIS-versibaru\Bab/bab3.aux
")
("D:\Vanessa\Data\SMT 8\SKRIPSICOY\Template Skripsi FTIS-versibaru\Bab/bab4.aux
")
("D:\Vanessa\Data\SMT 8\SKRIPSICOY\Template Skripsi FTIS-versibaru\Lampiran/lam
pA.aux")
("D:\Vanessa\Data\SMT 8\SKRIPSICOY\Template Skripsi FTIS-versibaru\Lampiran/lam
pB.aux"))
Package atveryend Info: Executing hook `AtVeryEndDocument' on input line 438.
Package atveryend Info: Executing hook `AtEndAfterFileList' on input line 438.
Package rerunfilecheck Info: File `skripsi.out' has not changed.
(rerunfilecheck)             Checksum: 55179418C36E4E590150777FA63882F3;8309.


LaTeX Font Warning: Some font shapes were not available, defaults substituted.


LaTeX Warning: There were multiply-defined labels.

Package atveryend Info: Empty hook `AtVeryVeryEnd' on input line 438.
 ) 
Here is how much of TeX's memory you used:
 35664 strings out of 493921
 778685 string characters out of 3147276
 1315164 words of memory out of 3000000
 37705 multiletter control sequences out of 15000+200000
 78005 words of font info for 142 fonts, out of 3000000 for 9000
 845 hyphenation exceptions out of 8191
 78i,13n,130p,1253b,2105s stack positions out of 5000i,500n,10000p,200000b,50000s
{C:/Program Files/MiKTeX 2.9/fonts/enc/dvips/lm/lm-mathsy.enc}{C:/Program Fil
es/MiKTeX 2.9/fonts/enc/dvips/fontname/8r.enc}{C:/Program Files/MiKTeX 2.9/font
s/enc/dvips/lm/lm-ec.enc}{C:/Program Files/MiKTeX 2.9/fonts/enc/dvips/lm/lm-mat
hit.enc}{C:/Program Files/MiKTeX 2.9/fonts/enc/dvips/lm/lm-rm.enc} <C:\Users\Va
nessa\AppData\Local\MiKTeX\2.9\fonts\pk\ljfour\jknappen\ec\dpi600\ecxc1095.pk><
C:/Program Files/MiKTeX 2.9/fonts/type1/public/amsfonts/cm/cmsy6.pfb><C:/Progra
m Files/MiKTeX 2.9/fonts/type1/bera/fvmb8a.pfb><C:/Program Files/MiKTeX 2.9/fon
ts/type1/bera/fvmr8a.pfb><C:/Program Files/MiKTeX 2.9/fonts/type1/bera/fvmro8a.
pfb><C:/Program Files/MiKTeX 2.9/fonts/type1/public/lm/lmbx10.pfb><C:/Program F
iles/MiKTeX 2.9/fonts/type1/public/lm/lmbx12.pfb><C:/Program Files/MiKTeX 2.9/f
onts/type1/public/lm/lmbxi10.pfb><C:/Program Files/MiKTeX 2.9/fonts/type1/publi
c/lm/lmcsc10.pfb><C:/Program Files/MiKTeX 2.9/fonts/type1/public/lm/lmmi10.pfb>
<C:/Program Files/MiKTeX 2.9/fonts/type1/public/lm/lmmi8.pfb><C:/Program Files/
MiKTeX 2.9/fonts/type1/public/lm/lmr10.pfb><C:/Program Files/MiKTeX 2.9/fonts/t
ype1/public/lm/lmr6.pfb><C:/Program Files/MiKTeX 2.9/fonts/type1/public/lm/lmr8
.pfb><C:/Program Files/MiKTeX 2.9/fonts/type1/public/lm/lmri10.pfb><C:/Program 
Files/MiKTeX 2.9/fonts/type1/public/lm/lmsy10.pfb><C:/Program Files/MiKTeX 2.9/
fonts/type1/public/lm/lmsy8.pfb>
Output written on skripsi.pdf (73 pages, 2287214 bytes).
PDF statistics:
 1244 PDF objects out of 1440 (max. 8388607)
 397 named destinations out of 1000 (max. 500000)
 24732 words of extra memory for PDF output out of 24883 (max. 10000000)

