\BOOKMARK [0][-]{chapter*.1}{\376\377\000K\000a\000t\000a\000\040\000P\000e\000n\000g\000a\000n\000t\000a\000r}{}% 1
\BOOKMARK [0][-]{section*.2}{\376\377\000D\000a\000f\000t\000a\000r\000\040\000I\000s\000i}{}% 2
\BOOKMARK [0][-]{section*.3}{\376\377\000D\000a\000f\000t\000a\000r\000\040\000G\000a\000m\000b\000a\000r}{}% 3
\BOOKMARK [0][-]{section*.4}{\376\377\000D\000a\000f\000t\000a\000r\000\040\000T\000a\000b\000e\000l}{}% 4
\BOOKMARK [0][-]{chapter.1}{\376\377\000P\000e\000n\000d\000a\000h\000u\000l\000u\000a\000n}{}% 5
\BOOKMARK [1][-]{section.1.1}{\376\377\000L\000a\000t\000a\000r\000\040\000B\000e\000l\000a\000k\000a\000n\000g}{chapter.1}% 6
\BOOKMARK [1][-]{section.1.2}{\376\377\000R\000u\000m\000u\000s\000a\000n\000\040\000M\000a\000s\000a\000l\000a\000h}{chapter.1}% 7
\BOOKMARK [1][-]{section.1.3}{\376\377\000T\000u\000j\000u\000a\000n}{chapter.1}% 8
\BOOKMARK [1][-]{section.1.4}{\376\377\000B\000a\000t\000a\000s\000a\000n\000\040\000M\000a\000s\000a\000l\000a\000h}{chapter.1}% 9
\BOOKMARK [1][-]{section.1.5}{\376\377\000M\000e\000t\000o\000d\000o\000l\000o\000g\000i}{chapter.1}% 10
\BOOKMARK [1][-]{section.1.6}{\376\377\000S\000i\000s\000t\000e\000m\000a\000t\000i\000k\000a\000\040\000P\000e\000m\000b\000a\000h\000a\000s\000a\000n}{chapter.1}% 11
\BOOKMARK [0][-]{chapter.2}{\376\377\000L\000a\000n\000d\000a\000s\000a\000n\000\040\000T\000e\000o\000r\000i}{}% 12
\BOOKMARK [1][-]{section.2.1}{\376\377\000A\000r\000t\000i\000\040\000K\000e\000w\000i\000r\000a\000u\000s\000a\000h\000a\000a\000n}{chapter.2}% 13
\BOOKMARK [1][-]{section.2.2}{\376\377\000C\000e\000l\000l\000u\000l\000a\000r\000\040\000A\000u\000t\000o\000m\000a\000t\000a}{chapter.2}% 14
\BOOKMARK [2][-]{subsection.2.2.1}{\376\377\000D\000i\000m\000e\000n\000s\000i\000\040\000C\000A}{section.2.2}% 15
\BOOKMARK [2][-]{subsection.2.2.2}{\376\377\000A\000p\000l\000i\000k\000a\000s\000i\000\040\000C\000A}{section.2.2}% 16
\BOOKMARK [1][-]{section.2.3}{\376\377\000G\000r\000a\000f}{chapter.2}% 17
\BOOKMARK [2][-]{subsection.2.3.1}{\376\377\000A\000d\000j\000a\000c\000e\000n\000c\000y\000\040\000L\000i\000s\000t}{section.2.3}% 18
\BOOKMARK [2][-]{subsection.2.3.2}{\376\377\000A\000d\000j\000a\000c\000e\000n\000c\000y\000\040\000M\000a\000t\000r\000i\000k\000s}{section.2.3}% 19
\BOOKMARK [1][-]{section.2.4}{\376\377\000E\000n\000t\000r\000e\000p\000r\000e\000n\000e\000u\000r\000i\000a\000l\000\040\000C\000e\000l\000l\000u\000l\000a\000r\000\040\000A\000u\000t\000o\000m\000a\000t\000a}{chapter.2}% 20
\BOOKMARK [0][-]{chapter.3}{\376\377\000A\000n\000a\000l\000i\000s\000i\000s}{}% 21
\BOOKMARK [1][-]{section.3.1}{\376\377\000A\000n\000a\000l\000i\000s\000i\000s\000\040\000M\000o\000d\000e\000l\000\040\000P\000e\000r\000t\000u\000m\000b\000u\000h\000a\000n\000\040\000W\000i\000r\000a\000u\000s\000a\000h\000a\000\040\000d\000e\000n\000g\000a\000n\000\040\000E\000C\000A}{chapter.3}% 22
\BOOKMARK [1][-]{section.3.2}{\376\377\000D\000e\000s\000k\000r\000i\000p\000s\000i\000\040\000P\000e\000r\000a\000n\000g\000k\000a\000t\000\040\000L\000u\000n\000a\000k}{chapter.3}% 23
\BOOKMARK [1][-]{section.3.3}{\376\377\000A\000n\000a\000l\000i\000s\000i\000s\000\040\000P\000e\000r\000a\000n\000g\000k\000a\000t\000\040\000L\000u\000n\000a\000k}{chapter.3}% 24
\BOOKMARK [2][-]{subsection.3.3.1}{\376\377\000D\000i\000a\000g\000r\000a\000m\000\040\000U\000s\000e\000\040\000C\000a\000s\000e}{section.3.3}% 25
\BOOKMARK [2][-]{subsection.3.3.2}{\376\377\000D\000i\000a\000g\000r\000a\000m\000\040\000K\000e\000l\000a\000s}{section.3.3}% 26
\BOOKMARK [2][-]{subsection.3.3.3}{\376\377\000K\000e\000l\000a\000s\000\040\000E\000G\000M}{section.3.3}% 27
\BOOKMARK [2][-]{subsection.3.3.4}{\376\377\000K\000e\000l\000a\000s\000\040\000C\000A}{section.3.3}% 28
\BOOKMARK [2][-]{subsection.3.3.5}{\376\377\000K\000e\000l\000a\000s\000\040\000E\000n\000t\000r\000e\000p\000r\000e\000n\000e\000u\000r\000s}{section.3.3}% 29
\BOOKMARK [2][-]{subsection.3.3.6}{\376\377\000K\000e\000l\000a\000s\000\040\000N\000e\000i\000g\000h\000b\000o\000r}{section.3.3}% 30
\BOOKMARK [2][-]{subsection.3.3.7}{\376\377\000K\000e\000l\000a\000s\000\040\000N\000e\000i\000g\000h\000b\000o\000r\000h\000o\000o\000d}{section.3.3}% 31
\BOOKMARK [2][-]{subsection.3.3.8}{\376\377\000K\000e\000l\000a\000s\000\040\000P\000u\000b\000l\000i\000c\000\040\000F\000a\000c\000t\000o\000r}{section.3.3}% 32
\BOOKMARK [2][-]{subsection.3.3.9}{\376\377\000K\000e\000l\000a\000s\000\040\000S\000t\000a\000t\000e}{section.3.3}% 33
\BOOKMARK [0][-]{chapter.4}{\376\377\000P\000e\000r\000a\000n\000c\000a\000n\000g\000a\000n}{}% 34
\BOOKMARK [1][-]{section.4.1}{\376\377\000D\000i\000a\000g\000r\000a\000m\000\040\000K\000e\000l\000a\000s}{chapter.4}% 35
\BOOKMARK [2][-]{subsection.4.1.1}{\376\377\000K\000e\000l\000a\000s\000\040\000C\000A}{section.4.1}% 36
\BOOKMARK [2][-]{subsection.4.1.2}{\376\377\000K\000e\000l\000a\000s\000\040\000T\000a\000m\000p\000i\000l\000a\000n\000\040\000B\000o\000b\000o\000t\000\040\000K\000e\000t\000e\000t\000a\000n\000g\000g\000a\000a\000n}{section.4.1}% 37
\BOOKMARK [2][-]{subsection.4.1.3}{\376\377\000K\000e\000l\000a\000s\000\040\000T\000a\000m\000p\000i\000l\000a\000n\000\040\000K\000o\000n\000d\000i\000s\000i\000\040\000K\000e\000t\000e\000t\000a\000n\000g\000g\000a\000a\000n}{section.4.1}% 38
\BOOKMARK [2][-]{subsection.4.1.4}{\376\377\000K\000e\000l\000a\000s\000\040\000T\000a\000m\000p\000i\000l\000a\000n\000\040\000K\000o\000n\000d\000i\000s\000i\000\040\000E\000k\000s\000t\000e\000r\000n\000a\000l}{section.4.1}% 39
\BOOKMARK [2][-]{subsection.4.1.5}{\376\377\000K\000e\000l\000a\000s\000\040\000D\000a\000t\000a\000\040\000W\000i\000r\000a\000u\000s\000a\000h\000a}{section.4.1}% 40
\BOOKMARK [2][-]{subsection.4.1.6}{\376\377\000K\000e\000l\000a\000s\000\040\000T\000a\000m\000p\000i\000l\000a\000n\000\040\000S\000i\000m\000u\000l\000a\000s\000i}{section.4.1}% 41
\BOOKMARK [2][-]{subsection.4.1.7}{\376\377\000K\000e\000l\000a\000s\000\040\000T\000a\000m\000p\000i\000l\000a\000n\000\040\000H\000a\000s\000i\000l}{section.4.1}% 42
\BOOKMARK [2][-]{subsection.4.1.8}{\376\377\000K\000e\000l\000a\000s\000\040\000I\000n\000p\000u\000t\000\040\000D\000a\000t\000a\000\040\000H\000a\000n\000d\000l\000e\000r}{section.4.1}% 43
\BOOKMARK [1][-]{section.4.2}{\376\377\000R\000a\000n\000c\000a\000n\000g\000a\000n\000\040\000A\000n\000t\000a\000r\000m\000u\000k\000a}{chapter.4}% 44
\BOOKMARK [2][-]{subsection.4.2.1}{\376\377\000T\000a\000m\000p\000i\000l\000a\000n\000\040\000B\000o\000b\000o\000t\000\040\000K\000e\000t\000e\000t\000a\000n\000g\000g\000a\000a\000n}{section.4.2}% 45
\BOOKMARK [2][-]{subsection.4.2.2}{\376\377\000T\000a\000m\000p\000i\000l\000a\000n\000\040\000K\000o\000n\000d\000i\000s\000i\000\040\000K\000e\000t\000e\000t\000a\000n\000g\000g\000a\000a\000n}{section.4.2}% 46
\BOOKMARK [2][-]{subsection.4.2.3}{\376\377\000T\000a\000m\000p\000i\000l\000a\000n\000\040\000K\000o\000n\000d\000i\000s\000i\000\040\000E\000k\000s\000t\000e\000r\000n\000a\000l}{section.4.2}% 47
\BOOKMARK [2][-]{subsection.4.2.4}{\376\377\000T\000a\000m\000p\000i\000l\000a\000n\000\040\000D\000a\000t\000a\000\040\000W\000i\000r\000a\000u\000s\000a\000h\000a}{section.4.2}% 48
\BOOKMARK [2][-]{subsection.4.2.5}{\376\377\000T\000a\000m\000p\000i\000l\000a\000n\000\040\000S\000i\000m\000u\000l\000a\000s\000i}{section.4.2}% 49
\BOOKMARK [2][-]{subsection.4.2.6}{\376\377\000T\000a\000m\000p\000i\000l\000a\000n\000\040\000H\000a\000s\000i\000l}{section.4.2}% 50
\BOOKMARK [1][-]{section.4.3}{\376\377\000R\000a\000n\000c\000a\000n\000g\000a\000n\000\040\000F\000i\000l\000e\000\040\000I\000n\000p\000u\000t}{chapter.4}% 51
\BOOKMARK [0][-]{chapter.5}{\376\377\000I\000m\000p\000l\000e\000m\000e\000n\000t\000a\000s\000i\000\040\000d\000a\000n\000\040\000P\000e\000n\000g\000u\000j\000i\000a\000n}{}% 52
\BOOKMARK [1][-]{section.5.1}{\376\377\000I\000m\000p\000l\000e\000m\000e\000n\000t\000a\000s\000i}{chapter.5}% 53
\BOOKMARK [2][-]{subsection.5.1.1}{\376\377\000I\000m\000p\000l\000e\000m\000e\000n\000t\000a\000s\000i}{section.5.1}% 54
\BOOKMARK [2][-]{subsection.5.1.2}{\376\377\000H\000a\000s\000i\000l\000\040\000I\000m\000p\000l\000e\000m\000e\000n\000t\000a\000s\000i}{section.5.1}% 55
\BOOKMARK [1][-]{section.5.2}{\376\377\000P\000e\000n\000g\000u\000j\000i\000a\000n}{chapter.5}% 56
\BOOKMARK [2][-]{subsection.5.2.1}{\376\377\000P\000e\000n\000g\000u\000j\000i\000a\000n\000\040\000F\000u\000n\000g\000s\000i\000o\000n\000a\000l}{section.5.2}% 57
\BOOKMARK [2][-]{subsection.5.2.2}{\376\377\000P\000e\000n\000g\000u\000j\000i\000a\000n\000\040\000P\000e\000m\000b\000a\000c\000a\000a\000n\000\040\000P\000a\000r\000a\000m\000e\000t\000e\000r}{section.5.2}% 58
\BOOKMARK [2][-]{subsection.5.2.3}{\376\377\000P\000e\000n\000g\000u\000j\000i\000a\000n\000\040\000P\000e\000m\000b\000a\000c\000a\000a\000n\000\040\000F\000i\000l\000e}{section.5.2}% 59
\BOOKMARK [2][-]{subsection.5.2.4}{\376\377\000P\000e\000n\000g\000u\000j\000i\000a\000n\000\040\000H\000a\000s\000i\000l\000\040\000d\000a\000r\000i\000\040\000S\000i\000m\000u\000l\000a\000s\000i}{section.5.2}% 60
\BOOKMARK [1][-]{section.5.3}{\376\377\000C\000o\000n\000t\000o\000h\000\040\000S\000i\000m\000u\000l\000a\000s\000i}{chapter.5}% 61
\BOOKMARK [0][-]{chapter.6}{\376\377\000K\000e\000s\000i\000m\000p\000u\000l\000a\000n\000\040\000d\000a\000n\000\040\000S\000a\000r\000a\000n}{}% 62
\BOOKMARK [1][-]{section.6.1}{\376\377\000K\000e\000s\000i\000m\000p\000u\000l\000a\000n}{chapter.6}% 63
\BOOKMARK [1][-]{section.6.2}{\376\377\000S\000a\000r\000a\000n}{chapter.6}% 64
\BOOKMARK [0][-]{chapter*.5}{\376\377\000D\000a\000f\000t\000a\000r\000\040\000R\000e\000f\000e\000r\000e\000n\000s\000i}{}% 65
\BOOKMARK [0][-]{appendix.A}{\376\377\000K\000o\000d\000e\000\040\000P\000r\000o\000g\000r\000a\000m}{}% 66
