This is pdfTeX, Version 3.1415926-2.4-1.40.13 (MiKTeX 2.9 64-bit) (preloaded format=pdflatex 2017.9.25)  11 MAY 2018 21:00
entering extended mode
**Progress*report*v44.tex
("D:\Vanessa\Data\SMT 8\SKRIPSICOY\PROGRESS REPORT\Progress report v44.tex"
LaTeX2e <2011/06/27>
Babel <v3.8m> and hyphenation patterns for english, afrikaans, ancientgreek, ar
abic, armenian, assamese, basque, bengali, bokmal, bulgarian, catalan, coptic, 
croatian, czech, danish, dutch, esperanto, estonian, farsi, finnish, french, ga
lician, german, german-x-2012-05-30, greek, gujarati, hindi, hungarian, iceland
ic, indonesian, interlingua, irish, italian, kannada, kurmanji, latin, latvian,
 lithuanian, malayalam, marathi, mongolian, mongolianlmc, monogreek, ngerman, n
german-x-2012-05-30, nynorsk, oriya, panjabi, pinyin, polish, portuguese, roman
ian, russian, sanskrit, serbian, slovak, slovenian, spanish, swedish, swissgerm
an, tamil, telugu, turkish, turkmen, ukenglish, ukrainian, uppersorbian, usengl
ishmax, welsh, loaded.
("C:\Program Files\MiKTeX 2.9\tex\latex\base\article.cls"
Document Class: article 2007/10/19 v1.4h Standard LaTeX document class
("C:\Program Files\MiKTeX 2.9\tex\latex\base\size10.clo"
File: size10.clo 2007/10/19 v1.4h Standard LaTeX file (size option)
)
\c@part=\count79
\c@section=\count80
\c@subsection=\count81
\c@subsubsection=\count82
\c@paragraph=\count83
\c@subparagraph=\count84
\c@figure=\count85
\c@table=\count86
\abovecaptionskip=\skip41
\belowcaptionskip=\skip42
\bibindent=\dimen102
)
("C:\Program Files\MiKTeX 2.9\tex\latex\base\fontenc.sty"
Package: fontenc 2005/09/27 v1.99g Standard LaTeX package

("C:\Program Files\MiKTeX 2.9\tex\latex\base\t1enc.def"
File: t1enc.def 2005/09/27 v1.99g Standard LaTeX file
LaTeX Font Info:    Redeclaring font encoding T1 on input line 43.
))
("C:\Program Files\MiKTeX 2.9\tex\generic\babel\babel.sty"
Package: babel 2008/07/08 v3.8m The Babel package

*************************************
* Local config file bblopts.cfg used
*
("C:\Program Files\MiKTeX 2.9\tex\latex\00miktex\bblopts.cfg"
File: bblopts.cfg 2006/07/31 v1.0 MiKTeX 'babel' configuration
)
("C:\Program Files\MiKTeX 2.9\tex\generic\babel\bahasai.ldf"
Language: bahasa 2008/03/15 v1.0l Bahasa Indonesia support from the babel syste
m

("C:\Program Files\MiKTeX 2.9\tex\generic\babel\babel.def"
File: babel.def 2008/07/08 v3.8m Babel common definitions
\babel@savecnt=\count87
\U@D=\dimen103
)))
("C:\Program Files\MiKTeX 2.9\tex\latex\graphics\graphicx.sty"
Package: graphicx 1999/02/16 v1.0f Enhanced LaTeX Graphics (DPC,SPQR)

("C:\Program Files\MiKTeX 2.9\tex\latex\graphics\keyval.sty"
Package: keyval 1999/03/16 v1.13 key=value parser (DPC)
\KV@toks@=\toks14
)
("C:\Program Files\MiKTeX 2.9\tex\latex\graphics\graphics.sty"
Package: graphics 2009/02/05 v1.0o Standard LaTeX Graphics (DPC,SPQR)

("C:\Program Files\MiKTeX 2.9\tex\latex\graphics\trig.sty"
Package: trig 1999/03/16 v1.09 sin cos tan (DPC)
)
("C:\Program Files\MiKTeX 2.9\tex\latex\00miktex\graphics.cfg"
File: graphics.cfg 2007/01/18 v1.5 graphics configuration of teTeX/TeXLive
)
Package graphics Info: Driver file: pdftex.def on input line 91.

("C:\Program Files\MiKTeX 2.9\tex\latex\pdftex-def\pdftex.def"
File: pdftex.def 2011/05/27 v0.06d Graphics/color for pdfTeX

("C:\Program Files\MiKTeX 2.9\tex\generic\oberdiek\infwarerr.sty"
Package: infwarerr 2010/04/08 v1.3 Providing info/warning/error messages (HO)
)
("C:\Program Files\MiKTeX 2.9\tex\generic\oberdiek\ltxcmds.sty"
Package: ltxcmds 2011/11/09 v1.22 LaTeX kernel commands for general use (HO)
)
\Gread@gobject=\count88
))
\Gin@req@height=\dimen104
\Gin@req@width=\dimen105
)
("C:\Program Files\MiKTeX 2.9\tex\latex\float\float.sty"
Package: float 2001/11/08 v1.3d Float enhancements (AL)
\c@float@type=\count89
\float@exts=\toks15
\float@box=\box26
\@float@everytoks=\toks16
\@floatcapt=\box27
)
("C:\Program Files\MiKTeX 2.9\tex\latex\preprint\fullpage.sty"
Package: fullpage 1999/02/23 1.1 (PWD)
\FP@margin=\skip43
)
("C:\Program Files\MiKTeX 2.9\tex\latex\etoolbox\etoolbox.sty"
Package: etoolbox 2017/11/22 v2.5 e-TeX tools for LaTeX (JAW)

("C:\Program Files\MiKTeX 2.9\tex\latex\misc\etex.sty"
Package: etex 1998/03/26 v2.0 eTeX basic definition package (PEB)
\et@xins=\count90
)
\etb@tempcnta=\count91
)
("C:\Program Files\MiKTeX 2.9\tex\latex\setspace\setspace.sty"
Package: setspace 2011/12/19 v6.7a set line spacing
)
("C:\Program Files\MiKTeX 2.9\tex\latex\lipsum\lipsum.sty"
Package: lipsum 2014/07/27 v1.3 150 paragraphs of Lorem Ipsum dummy text
\c@lips@count=\count92
)
("C:\Program Files\MiKTeX 2.9\tex\latex\geometry\geometry.sty"
Package: geometry 2010/09/12 v5.6 Page Geometry

("C:\Program Files\MiKTeX 2.9\tex\generic\oberdiek\ifpdf.sty"
Package: ifpdf 2011/01/30 v2.3 Provides the ifpdf switch (HO)
Package ifpdf Info: pdfTeX in PDF mode is detected.
)
("C:\Program Files\MiKTeX 2.9\tex\generic\oberdiek\ifvtex.sty"
Package: ifvtex 2010/03/01 v1.5 Detect VTeX and its facilities (HO)
Package ifvtex Info: VTeX not detected.
)
("C:\Program Files\MiKTeX 2.9\tex\generic\ifxetex\ifxetex.sty"
Package: ifxetex 2010/09/12 v0.6 Provides ifxetex conditional
)
\Gm@cnth=\count93
\Gm@cntv=\count94
\c@Gm@tempcnt=\count95
\Gm@bindingoffset=\dimen106
\Gm@wd@mp=\dimen107
\Gm@odd@mp=\dimen108
\Gm@even@mp=\dimen109
\Gm@layoutwidth=\dimen110
\Gm@layoutheight=\dimen111
\Gm@layouthoffset=\dimen112
\Gm@layoutvoffset=\dimen113
\Gm@dimlist=\toks17

("C:\Program Files\MiKTeX 2.9\tex\latex\geometry\geometry.cfg"))
("D:\Vanessa\Data\SMT 8\SKRIPSICOY\PROGRESS REPORT\Progress report v44.aux"

LaTeX Warning: Label `fig:t0' multiply defined.


LaTeX Warning: Label `fig:t0' multiply defined.


LaTeX Warning: Label `fig:t0' multiply defined.


LaTeX Warning: Label `fig:t0' multiply defined.

)
LaTeX Font Info:    Checking defaults for OML/cmm/m/it on input line 23.
LaTeX Font Info:    ... okay on input line 23.
LaTeX Font Info:    Checking defaults for T1/cmr/m/n on input line 23.
LaTeX Font Info:    ... okay on input line 23.
LaTeX Font Info:    Checking defaults for OT1/cmr/m/n on input line 23.
LaTeX Font Info:    ... okay on input line 23.
LaTeX Font Info:    Checking defaults for OMS/cmsy/m/n on input line 23.
LaTeX Font Info:    ... okay on input line 23.
LaTeX Font Info:    Checking defaults for OMX/cmex/m/n on input line 23.
LaTeX Font Info:    ... okay on input line 23.
LaTeX Font Info:    Checking defaults for U/cmr/m/n on input line 23.
LaTeX Font Info:    ... okay on input line 23.
 ("C:\Program Files\MiKTeX 2.9\tex\context\base\supp-pdf.mkii"
[Loading MPS to PDF converter (version 2006.09.02).]
\scratchcounter=\count96
\scratchdimen=\dimen114
\scratchbox=\box28
\nofMPsegments=\count97
\nofMParguments=\count98
\everyMPshowfont=\toks18
\MPscratchCnt=\count99
\MPscratchDim=\dimen115
\MPnumerator=\count100
\makeMPintoPDFobject=\count101
\everyMPtoPDFconversion=\toks19
)
*geometry* driver: auto-detecting
*geometry* detected driver: pdftex
*geometry* verbose mode - [ preamble ] result:
* driver: pdftex
* paper: a4paper
* layout: <same size as paper>
* layoutoffset:(h,v)=(0.0pt,0.0pt)
* modes: twoside 
* h-part:(L,W,R)=(56.9055pt, 469.47049pt, 71.13188pt)
* v-part:(T,H,B)=(71.13188pt, 717.00946pt, 56.9055pt)
* \paperwidth=597.50787pt
* \paperheight=845.04684pt
* \textwidth=469.47049pt
* \textheight=717.00946pt
* \oddsidemargin=-15.36449pt
* \evensidemargin=-1.1381pt
* \topmargin=-31.1381pt
* \headheight=0.0pt
* \headsep=30.0pt
* \topskip=10.0pt
* \footskip=30.0pt
* \marginparwidth=111.0pt
* \marginparsep=11.0pt
* \columnsep=10.0pt
* \skip\footins=9.0pt plus 4.0pt minus 2.0pt
* \hoffset=0.0pt
* \voffset=0.0pt
* \mag=1000
* \@twocolumnfalse
* \@twosidetrue
* \@mparswitchtrue
* \@reversemarginfalse
* (1in=72.27pt=25.4mm, 1cm=28.453pt)


Overfull \vbox (7.49817pt too high) has occurred while \output is active []


[1{C:/ProgramData/MiKTeX/2.9/pdftex/config/pdftex.map}

]
LaTeX Font Info:    External font `cmex10' loaded for size
(Font)              <7> on input line 81.
LaTeX Font Info:    External font `cmex10' loaded for size
(Font)              <5> on input line 81.
LaTeX Font Info:    External font `cmex10' loaded for size
(Font)              <8> on input line 89.
LaTeX Font Info:    External font `cmex10' loaded for size
(Font)              <6> on input line 89.

Overfull \vbox (6.4151pt too high) has occurred while \output is active []


[2] <GEM2016-wirausaha.png, id=18, 586.44093pt x 293.59688pt>
File: GEM2016-wirausaha.png Graphic file (type png)

<use GEM2016-wirausaha.png>
Package pdftex.def Info: GEM2016-wirausaha.png used on input line 129.
(pdftex.def)             Requested size: 455.23868pt x 227.62033pt.
LaTeX Font Info:    Try loading font information for OMS+cmr on input line 139.


("C:\Program Files\MiKTeX 2.9\tex\latex\base\omscmr.fd"
File: omscmr.fd 1999/05/25 v2.5h Standard LaTeX font definitions
)
LaTeX Font Info:    Font shape `OMS/cmr/m/n' in size <10> not available
(Font)              Font shape `OMS/cmsy/m/n' tried instead on input line 139.

Overfull \vbox (7.49817pt too high) has occurred while \output is active []


[3 <D:/Vanessa/Data/SMT 8/SKRIPSICOY/PROGRESS REPORT/GEM2016-wirausaha.png>]
Underfull \hbox (badness 10000) in paragraph at lines 161--161
[]\T1/cmr/m/n/10 Perceived
 []


Underfull \hbox (badness 10000) in paragraph at lines 161--161
\T1/cmr/m/n/10 Op-por-tu-ni-ti-
 []


Underfull \hbox (badness 10000) in paragraph at lines 163--163
[]\T1/cmr/m/n/10 Perceived
 []


Overfull \hbox (6.63454pt too wide) in paragraph at lines 165--165
[]\T1/cmr/m/n/10 Entreprenurial
 []


Underfull \hbox (badness 10000) in paragraph at lines 171--171
\T1/cmr/m/n/10 Early-Stage
 []


Underfull \hbox (badness 10000) in paragraph at lines 171--171
\T1/cmr/m/n/10 En-trep-re-ne-
 []


Underfull \hbox (badness 1655) in paragraph at lines 171--171
\T1/cmr/m/n/10 u-ri-al (TEA)
 []


Underfull \hbox (badness 10000) in paragraph at lines 173--173
[]\T1/cmr/m/n/10 Growth
 []


Underfull \hbox (badness 10000) in paragraph at lines 173--173
\T1/cmr/m/n/10 Expe-cta-tion
 []


Underfull \hbox (badness 10000) in paragraph at lines 173--173
\T1/cmr/m/n/10 Early-stage
 []


Underfull \hbox (badness 10000) in paragraph at lines 173--173
\T1/cmr/m/n/10 En-trep-
 []


Underfull \hbox (badness 10000) in paragraph at lines 173--173
\T1/cmr/m/n/10 re-ne-u-ri-al
 []


Underfull \hbox (badness 10000) in paragraph at lines 173--173
\T1/cmr/m/n/10 Acti-vi-ty
 []


Underfull \hbox (badness 7397) in paragraph at lines 173--173
\T1/cmr/m/n/10 : Re-la-ti-ve
 []


Underfull \hbox (badness 1215) in paragraph at lines 175--175
[]\T1/cmr/m/n/10 Informal In-
 []


Underfull \hbox (badness 10000) in paragraph at lines 177--177
[]\T1/cmr/m/n/10 Totaly
 []


Underfull \hbox (badness 10000) in paragraph at lines 177--177
\T1/cmr/m/n/10 Early-stage
 []


Underfull \hbox (badness 10000) in paragraph at lines 177--177
\T1/cmr/m/n/10 En-trep-
 []


Underfull \hbox (badness 10000) in paragraph at lines 177--177
\T1/cmr/m/n/10 re-ne-u-ri-al
 []


Underfull \hbox (badness 10000) in paragraph at lines 177--177
\T1/cmr/m/n/10 Acti-vi-ty
 []


Underfull \hbox (badness 10000) in paragraph at lines 177--177
\T1/cmr/m/n/10 for Fe-ma-le
 []


Underfull \hbox (badness 10000) in paragraph at lines 179--179
[]\T1/cmr/m/n/10 Totaly
 []


Underfull \hbox (badness 10000) in paragraph at lines 179--179
\T1/cmr/m/n/10 Early-stage
 []


Underfull \hbox (badness 10000) in paragraph at lines 179--179
\T1/cmr/m/n/10 En-trep-
 []


Underfull \hbox (badness 10000) in paragraph at lines 179--179
\T1/cmr/m/n/10 re-ne-u-ri-al
 []


Underfull \hbox (badness 5490) in paragraph at lines 179--179
\T1/cmr/m/n/10 Acti-vi-ty for
 []


Underfull \hbox (badness 10000) in paragraph at lines 179--179
\T1/cmr/m/n/10 Ma-le Wor-
 []


Underfull \hbox (badness 10000) in paragraph at lines 179--179
\T1/cmr/m/n/10 king Age
 []


Underfull \hbox (badness 10000) in paragraph at lines 191--191
[]\T1/cmr/m/n/10 Improvement-
 []


Underfull \hbox (badness 2503) in paragraph at lines 191--191
\T1/cmr/m/n/10 ty En-trep-re-ne-u-ri-al
 []


Underfull \hbox (badness 10000) in paragraph at lines 193--193
[]\T1/cmr/m/n/10 Necessity-Driven
 []


Underfull \hbox (badness 10000) in paragraph at lines 193--193
\T1/cmr/m/n/10 En-trep-re-ne-u-ri-al
 []


Underfull \hbox (badness 10000) in paragraph at lines 195--195
[]\T1/cmr/m/n/10 Established Bu-
 []


Underfull \hbox (badness 10000) in paragraph at lines 195--195
\T1/cmr/m/n/10 si-ness Owner-ship
 []


Underfull \hbox (badness 10000) in paragraph at lines 197--197
[]\T1/cmr/m/n/10 Total Early-stage
 []


Underfull \hbox (badness 10000) in paragraph at lines 197--197
\T1/cmr/m/n/10 En-trep-re-ne-u-ri-al
 []


Underfull \hbox (badness 10000) in paragraph at lines 199--199
[]\T1/cmr/m/n/10 New Bu-si-ness
 []


Underfull \hbox (badness 4569) in paragraph at lines 201--201
[]\T1/cmr/m/n/10 Nascent En-trep-re-
 []


Underfull \hbox (badness 10000) in paragraph at lines 207--207
[]\T1/cmr/m/n/10 Entrepreneurship
 []


Underfull \vbox (badness 3128) has occurred while \output is active []


Overfull \vbox (6.4151pt too high) has occurred while \output is active []


[4] <PCPendidikan.png, id=28, 379.4175pt x 193.47281pt>
File: PCPendidikan.png Graphic file (type png)
 <use PCPendidikan.png>
Package pdftex.def Info: PCPendidikan.png used on input line 219.
(pdftex.def)             Requested size: 398.34802pt x 199.17294pt.

Overfull \vbox (7.49817pt too high) has occurred while \output is active []


[5 <D:/Vanessa/Data/SMT 8/SKRIPSICOY/PROGRESS REPORT/PCPendidikan.png>]
<PCRegion.png, id=33, 319.94531pt x 182.18062pt>
File: PCRegion.png Graphic file (type png)
 <use PCRegion.png>
Package pdftex.def Info: PCRegion.png used on input line 228.
(pdftex.def)             Requested size: 312.98283pt x 170.72162pt.

<RMfemalemale.png, id=34, 353.82187pt x 212.29312pt>
File: RMfemalemale.png Graphic file (type png)
 <use RMfemalemale.png>
Package pdftex.def Info: RMfemalemale.png used on input line 237.
(pdftex.def)             Requested size: 341.43596pt x 199.1798pt.

<RMpendidikan.png, id=35, 350.05782pt x 180.675pt>
File: RMpendidikan.png Graphic file (type png)
 <use RMpendidikan.png>
Package pdftex.def Info: RMpendidikan.png used on input line 248.
(pdftex.def)             Requested size: 369.91109pt x 199.17041pt.

Overfull \vbox (6.4151pt too high) has occurred while \output is active []


[6 <D:/Vanessa/Data/SMT 8/SKRIPSICOY/PROGRESS REPORT/PCRegion.png> <D:/Vanessa/
Data/SMT 8/SKRIPSICOY/PROGRESS REPORT/RMfemalemale.png>]
<POfemalemale.png, id=41, 316.93407pt x 150.5625pt>
File: POfemalemale.png Graphic file (type png)
 <use POfemalemale.png>
Package pdftex.def Info: POfemalemale.png used on input line 258.
(pdftex.def)             Requested size: 341.46156pt x 170.73325pt.

<POpendidikan.png, id=42, 369.63094pt x 160.34906pt>
File: POpendidikan.png Graphic file (type png)
 <use POpendidikan.png>
Package pdftex.def Info: POpendidikan.png used on input line 267.
(pdftex.def)             Requested size: 398.3438pt x 170.72032pt.

Underfull \vbox (badness 10000) has occurred while \output is active []


Overfull \vbox (7.49817pt too high) has occurred while \output is active []


[7 <D:/Vanessa/Data/SMT 8/SKRIPSICOY/PROGRESS REPORT/RMpendidikan.png> <D:/Vane
ssa/Data/SMT 8/SKRIPSICOY/PROGRESS REPORT/POfemalemale.png>]
<FOFfemalemale.png, id=49, 317.68687pt x 183.68625pt>
File: FOFfemalemale.png Graphic file (type png)
 <use FOFfemalemale.png>
Package pdftex.def Info: FOFfemalemale.png used on input line 276.
(pdftex.def)             Requested size: 369.91794pt x 170.72832pt.

Overfull \vbox (6.4151pt too high) has occurred while \output is active []


[8 <D:/Vanessa/Data/SMT 8/SKRIPSICOY/PROGRESS REPORT/POpendidikan.png> <D:/Vane
ssa/Data/SMT 8/SKRIPSICOY/PROGRESS REPORT/FOFfemalemale.png>]
<CA1D.png, id=55, 157.33781pt x 54.2025pt>
File: CA1D.png Graphic file (type png)
 <use CA1D.png>
Package pdftex.def Info: CA1D.png used on input line 297.
(pdftex.def)             Requested size: 113.8113pt x 56.90851pt.

<wolfram.png, id=56, 384.6872pt x 38.39343pt>
File: wolfram.png Graphic file (type png)
 <use wolfram.png>
Package pdftex.def Info: wolfram.png used on input line 307.
(pdftex.def)             Requested size: 313.00368pt x 56.90924pt.

<penerapanwolfram.png, id=57, 357.58594pt x 158.84344pt>
File: penerapanwolfram.png Graphic file (type png)

<use penerapanwolfram.png>
Package pdftex.def Info: penerapanwolfram.png used on input line 318.
(pdftex.def)             Requested size: 284.54135pt x 170.73155pt.
 <CA2D.png, id=58, 140.77594pt x 127.97812pt>
File: CA2D.png Graphic file (type png)

<use CA2D.png>
Package pdftex.def Info: CA2D.png used on input line 327.
(pdftex.def)             Requested size: 113.81091pt x 56.90419pt.

Underfull \vbox (badness 3557) has occurred while \output is active []


Overfull \vbox (7.49817pt too high) has occurred while \output is active []


[9 <D:/Vanessa/Data/SMT 8/SKRIPSICOY/PROGRESS REPORT/CA1D.png> <D:/Vanessa/Data
/SMT 8/SKRIPSICOY/PROGRESS REPORT/wolfram.png> <D:/Vanessa/Data/SMT 8/SKRIPSICO
Y/PROGRESS REPORT/penerapanwolfram.png>]
<conway.png, id=65, 403.5075pt x 246.9225pt>
File: conway.png Graphic file (type png)
 <use conway.png>
Package pdftex.def Info: conway.png used on input line 337.
(pdftex.def)             Requested size: 341.43758pt x 227.6198pt.

<contohconway.png, id=66, 319.94531pt x 87.32625pt>
File: contohconway.png Graphic file (type png)
 <use contohconway.png>
Package pdftex.def Info: contohconway.png used on input line 347.
(pdftex.def)             Requested size: 284.53073pt x 85.36327pt.

Overfull \vbox (6.4151pt too high) has occurred while \output is active []


[10 <D:/Vanessa/Data/SMT 8/SKRIPSICOY/PROGRESS REPORT/CA2D.png> <D:/Vanessa/Dat
a/SMT 8/SKRIPSICOY/PROGRESS REPORT/conway.png> <D:/Vanessa/Data/SMT 8/SKRIPSICO
Y/PROGRESS REPORT/contohconway.png>]
<tingkatwirausaha.png, id=73, 379.4175pt x 242.40562pt>
File: tingkatwirausaha.png Graphic file (type png)

<use tingkatwirausaha.png>
Package pdftex.def Info: tingkatwirausaha.png used on input line 386.
(pdftex.def)             Requested size: 256.07838pt x 142.2709pt.

Underfull \vbox (badness 10000) has occurred while \output is active []


Overfull \vbox (7.49817pt too high) has occurred while \output is active []


[11]
Underfull \vbox (badness 3260) has occurred while \output is active []


Overfull \vbox (6.4151pt too high) has occurred while \output is active []


[12 <D:/Vanessa/Data/SMT 8/SKRIPSICOY/PROGRESS REPORT/tingkatwirausaha.png>]
Overfull \vbox (7.49817pt too high) has occurred while \output is active []


[13] <t0.png, id=89, 1069.9975pt x 773.89125pt>
File: t0.png Graphic file (type png)
 <use t0.png>
Package pdftex.def Info: t0.png used on input line 590.
(pdftex.def)             Requested size: 512.17253pt x 341.43427pt.

Overfull \hbox (42.70204pt too wide) in paragraph at lines 590--591
 [][] 
 []


Overfull \vbox (6.4151pt too high) has occurred while \output is active []


[14 <D:/Vanessa/Data/SMT 8/SKRIPSICOY/PROGRESS REPORT/t0.png>]
<t0(2).png, id=94, 1069.9975pt x 773.89125pt>
File: t0(2).png Graphic file (type png)
 <use t0(2).png>
Package pdftex.def Info: t0(2).png used on input line 613.
(pdftex.def)             Requested size: 512.17253pt x 341.43427pt.

Overfull \hbox (42.70204pt too wide) in paragraph at lines 613--614
 [][] 
 []


Overfull \vbox (7.49817pt too high) has occurred while \output is active []


[15 <D:/Vanessa/Data/SMT 8/SKRIPSICOY/PROGRESS REPORT/t0(2).png>]
<t1.png, id=99, 1069.9975pt x 773.89125pt>
File: t1.png Graphic file (type png)
 <use t1.png>
Package pdftex.def Info: t1.png used on input line 634.
(pdftex.def)             Requested size: 512.17253pt x 341.43427pt.

Overfull \hbox (42.70204pt too wide) in paragraph at lines 634--635
 [][] 
 []

<t2(1).png, id=100, 1069.9975pt x 773.89125pt>
File: t2(1).png Graphic file (type png)
 <use t2(1).png>
Package pdftex.def Info: t2(1).png used on input line 656.
(pdftex.def)             Requested size: 512.17253pt x 341.43427pt.

Overfull \hbox (42.70204pt too wide) in paragraph at lines 656--657
 [][] 
 []


Underfull \vbox (badness 10000) has occurred while \output is active []


Overfull \vbox (6.4151pt too high) has occurred while \output is active []


[16 <D:/Vanessa/Data/SMT 8/SKRIPSICOY/PROGRESS REPORT/t1.png>]
<t3.png, id=105, 1069.9975pt x 773.89125pt>
File: t3.png Graphic file (type png)
 <use t3.png>
Package pdftex.def Info: t3.png used on input line 677.
(pdftex.def)             Requested size: 512.17253pt x 341.43427pt.

Overfull \hbox (42.70204pt too wide) in paragraph at lines 677--678
 [][] 
 []


Underfull \vbox (badness 10000) has occurred while \output is active []


Overfull \vbox (7.49817pt too high) has occurred while \output is active []


[17 <D:/Vanessa/Data/SMT 8/SKRIPSICOY/PROGRESS REPORT/t2(1).png>]
<graf1.png, id=110, 261.97874pt x 179.92218pt>
File: graf1.png Graphic file (type png)
 <use graf1.png>
Package pdftex.def Info: graf1.png used on input line 692.
(pdftex.def)             Requested size: 227.62785pt x 113.81554pt.

Overfull \vbox (6.4151pt too high) has occurred while \output is active []


[18 <D:/Vanessa/Data/SMT 8/SKRIPSICOY/PROGRESS REPORT/t3.png> <D:/Vanessa/Data/
SMT 8/SKRIPSICOY/PROGRESS REPORT/graf1.png>]
<adjacencylist.png, id=116, 261.22594pt x 225.09094pt>
File: adjacencylist.png Graphic file (type png)
 <use adjacencylist.png>
Package pdftex.def Info: adjacencylist.png used on input line 722.
(pdftex.def)             Requested size: 113.81172pt x 113.81255pt.

<adjacencymatrix.png, id=117, 170.13562pt x 147.55125pt>
File: adjacencymatrix.png Graphic file (type png)

<use adjacencymatrix.png>
Package pdftex.def Info: adjacencymatrix.png used on input line 752.
(pdftex.def)             Requested size: 142.2717pt x 113.81293pt.

Overfull \vbox (7.49817pt too high) has occurred while \output is active []


[19 <D:/Vanessa/Data/SMT 8/SKRIPSICOY/PROGRESS REPORT/adjacencylist.png>]
Overfull \vbox (6.4151pt too high) has occurred while \output is active []


[20 <D:/Vanessa/Data/SMT 8/SKRIPSICOY/PROGRESS REPORT/adjacencymatrix.png>]
Overfull \vbox (7.49817pt too high) has occurred while \output is active []


[21] ("D:\Vanessa\Data\SMT 8\SKRIPSICOY\PROGRESS REPORT\Progress report v44.aux
")

LaTeX Warning: There were multiply-defined labels.

 ) 
Here is how much of TeX's memory you used:
 3001 strings out of 493921
 38790 string characters out of 3147276
 208796 words of memory out of 3000000
 6240 multiletter control sequences out of 15000+200000
 18331 words of font info for 37 fonts, out of 3000000 for 9000
 841 hyphenation exceptions out of 8191
 27i,10n,19p,967b,442s stack positions out of 5000i,500n,10000p,200000b,50000s
 <C:\Users\Vanessa\AppData\Local\MiKTeX\2.9\fonts\pk\ljfour\jknappen\ec\dpi60
0\ecbx1200.pk> <C:\Users\Vanessa\AppData\Local\MiKTeX\2.9\fonts\pk\ljfour\jknap
pen\ec\dpi600\ecrm0800.pk> <C:\Users\Vanessa\AppData\Local\MiKTeX\2.9\fonts\pk\
ljfour\jknappen\ec\dpi600\ecrm0600.pk> <C:\Users\Vanessa\AppData\Local\MiKTeX\2
.9\fonts\pk\ljfour\jknappen\ec\dpi600\ecrm0700.pk> <C:\Users\Vanessa\AppData\Lo
cal\MiKTeX\2.9\fonts\pk\ljfour\jknappen\ec\dpi600\ecti1000.pk> <C:\Users\Vaness
a\AppData\Local\MiKTeX\2.9\fonts\pk\ljfour\jknappen\ec\dpi600\ecbx1000.pk> <C:\
Users\Vanessa\AppData\Local\MiKTeX\2.9\fonts\pk\ljfour\jknappen\ec\dpi600\ecbx1
440.pk> <C:\Users\Vanessa\AppData\Local\MiKTeX\2.9\fonts\pk\ljfour\jknappen\ec\
dpi600\ecxc1200.pk> <C:\Users\Vanessa\AppData\Local\MiKTeX\2.9\fonts\pk\ljfour\
jknappen\ec\dpi600\ecxc1728.pk> <C:\Users\Vanessa\AppData\Local\MiKTeX\2.9\font
s\pk\ljfour\jknappen\ec\dpi600\ecrm1000.pk> <C:\Users\Vanessa\AppData\Local\MiK
TeX\2.9\fonts\pk\ljfour\jknappen\ec\dpi600\ecxc1000.pk><C:/Program Files/MiKTeX
 2.9/fonts/type1/public/amsfonts/cm/cmmi10.pfb><C:/Program Files/MiKTeX 2.9/fon
ts/type1/public/amsfonts/cm/cmmi7.pfb><C:/Program Files/MiKTeX 2.9/fonts/type1/
public/amsfonts/cm/cmr10.pfb><C:/Program Files/MiKTeX 2.9/fonts/type1/public/am
sfonts/cm/cmr7.pfb><C:/Program Files/MiKTeX 2.9/fonts/type1/public/amsfonts/cm/
cmsy10.pfb>
Output written on "Progress report v44.pdf" (21 pages, 747384 bytes).
PDF statistics:
 490 PDF objects out of 1000 (max. 8388607)
 0 named destinations out of 1000 (max. 500000)
 116 words of extra memory for PDF output out of 10000 (max. 10000000)

